[2026-05-07 04:01:29] [User: guest] [IP: ::1] ACCESS: Login attempt | {"email":null,"ip":"::1"}
[2026-05-07 04:19:08] [User: guest] [IP: ::1] ACCESS: Login attempt | {"email":null,"ip":"::1"}
[2026-05-07 10:16:07] [User: guest] [IP: ::1] ACCESS: Login attempt | {"email":null,"ip":"::1"}
[2026-05-07 10:34:47] [User: guest] [IP: ::1] ACCESS: Login attempt | {"email":null,"ip":"::1"}
[2026-05-07 10:35:28] [User: guest] [IP: ::1] ACCESS: Login attempt | {"email":null,"ip":"::1"}
[2026-05-07 10:35:54] [User: guest] [IP: ::1] ACCESS: Login attempt | {"email":null,"ip":"::1"}
[2026-05-07 10:36:17] [User: guest] [IP: ::1] ACCESS: Login attempt | {"email":null,"ip":"::1"}
[2026-05-07 10:44:12] [User: guest] [IP: ::1] ACCESS: Login attempt | {"email":null,"ip":"::1"}
[2026-05-07 10:44:16] [User: guest] [IP: ::1] ACCESS: Login attempt | {"email":null,"ip":"::1"}
[2026-05-07 10:45:31] [User: guest] [IP: ::1] ACCESS: Login attempt | {"email":null,"ip":"::1"}
[2026-05-07 10:45:45] [User: guest] [IP: ::1] ACCESS: Login attempt | {"email":null,"ip":"::1"}
[2026-05-07 10:46:02] [User: guest] [IP: ::1] ACCESS: Login attempt | {"email":null,"ip":"::1"}
[2026-05-07 10:47:42] [User: guest] [IP: ::1] ACCESS: Login attempt | {"email":null,"ip":"::1"}
[2026-05-07 10:49:25] [User: guest] [IP: ::1] ACCESS: Login attempt | {"email":null,"ip":"::1"}
[2026-05-07 10:49:25] [User: guest] [IP: ::1] ACCESS: Login attempt | {"email":null,"ip":"::1"}
[2026-05-07 10:49:43] [User: guest] [IP: ::1] ACCESS: Login attempt | {"email":null,"ip":"::1"}
[2026-05-07 10:51:56] [User: guest] [IP: ::1] ACCESS: Login attempt | {"email":null,"ip":"::1"}
[2026-05-07 10:53:38] [User: guest] [IP: ::1] ACCESS: Login attempt | {"email":null,"ip":"::1"}
[2026-05-07 10:53:39] [User: guest] [IP: ::1] ACCESS: Login attempt | {"email":null,"ip":"::1"}
[2026-05-07 10:53:42] [User: guest] [IP: ::1] ACCESS: Login attempt | {"email":null,"ip":"::1"}
[2026-05-07 10:54:52] [User: guest] [IP: ::1] ACCESS: Login attempt | {"email":null,"ip":"::1"}
[2026-05-07 10:54:57] [User: guest] [IP: ::1] ACCESS: Login attempt | {"email":null,"ip":"::1"}
[2026-05-07 10:54:57] [User: guest] [IP: ::1] ACCESS: Login attempt | {"email":null,"ip":"::1"}
[2026-05-07 10:54:58] [User: guest] [IP: ::1] ACCESS: Login attempt | {"email":null,"ip":"::1"}
[2026-05-07 11:58:25] [User: guest] [IP: ::1] ACCESS: Login attempt | {"email":null,"ip":"::1"}
[2026-05-07 12:04:28] [User: guest] [IP: ::1] ACCESS: Login attempt | {"email":null,"ip":"::1"}
[2026-05-07 12:04:41] [User: guest] [IP: ::1] ACCESS: Login attempt | {"email":null,"ip":"::1"}
[2026-05-07 12:05:53] [User: guest] [IP: ::1] ACCESS: Login attempt | {"email":null,"ip":"::1"}
[2026-05-07 12:06:10] [User: guest] [IP: ::1] ACCESS: Login attempt | {"email":null,"ip":"::1"}
[2026-05-07 12:12:02] [User: 5] [IP: ::1] ACCESS: Login attempt | {"email":null,"ip":"::1"}
[2026-05-07 12:12:10] [User: 5] [IP: ::1] ACCESS: Login attempt | {"email":null,"ip":"::1"}
[2026-05-07 12:12:16] [User: guest] [IP: ::1] ACCESS: Login attempt | {"email":null,"ip":"::1"}
[2026-05-07 12:12:29] [User: guest] [IP: ::1] ACCESS: Login attempt | {"email":null,"ip":"::1"}
[2026-05-07 12:12:31] [User: guest] [IP: ::1] ACCESS: Login attempt | {"email":null,"ip":"::1"}
[2026-05-07 12:12:38] [User: guest] [IP: ::1] ACCESS: Login attempt | {"email":null,"ip":"::1"}
[2026-05-07 12:12:40] [User: guest] [IP: ::1] ACCESS: Login attempt | {"email":null,"ip":"::1"}
[2026-05-07 12:12:54] [User: guest] [IP: ::1] ACCESS: Login attempt | {"email":null,"ip":"::1"}
[2026-05-07 12:16:02] [User: 5] [IP: ::1] ACCESS: Login attempt | {"email":null,"ip":"::1"}
[2026-05-07 12:16:03] [User: 5] [IP: ::1] ACCESS: Login attempt | {"email":null,"ip":"::1"}
[2026-05-07 12:16:04] [User: 5] [IP: ::1] ACCESS: Login attempt | {"email":null,"ip":"::1"}
[2026-05-07 12:19:45] [User: guest] [IP: ::1] ACCESS: Login attempt | {"email":null,"ip":"::1"}
[2026-05-07 12:20:08] [User: guest] [IP: ::1] ACCESS: Login attempt | {"email":null,"ip":"::1"}
[2026-05-07 12:21:25] [User: guest] [IP: ::1] ACCESS: Login attempt | {"email":null,"ip":"::1"}
[2026-05-07 12:21:37] [User: guest] [IP: ::1] ACCESS: Login attempt | {"email":null,"ip":"::1"}
[2026-05-07 12:34:25] [User: guest] [IP: ::1] ACCESS: Login attempt | {"email":null,"ip":"::1"}
[2026-05-07 13:00:05] [User: guest] [IP: ::1] ACCESS: Login attempt | {"email":"maskengg94@gmail.com","ip":"::1"}
[2026-05-07 13:00:06] [User: 5] [IP: ::1] ACCESS: Login successful | {"user_id":5,"email":"maskengg94@gmail.com"}
[2026-05-07 13:00:06] [User: 5] [IP: ::1] ACTIVITY: User 5 - User logged in | {"role":"user"}
[2026-05-07 13:08:51] [User: guest] [IP: ::1] ACCESS: Login attempt | {"email":"admin@dyzen.com","ip":"::1"}
[2026-05-07 13:08:51] [User: 1] [IP: ::1] ACCESS: Login successful | {"user_id":1,"email":"admin@dyzen.com"}
[2026-05-07 13:08:51] [User: 1] [IP: ::1] ACTIVITY: User 1 - User logged in | {"role":"admin"}
[2026-05-07 13:21:41] [User: guest] [IP: ::1] ACCESS: Login attempt | {"email":"admin@dyzen.com","ip":"::1"}
[2026-05-07 13:21:41] [User: 1] [IP: ::1] ACCESS: Login successful | {"user_id":1,"email":"admin@dyzen.com"}
[2026-05-07 13:21:41] [User: 1] [IP: ::1] ACTIVITY: User 1 - User logged in | {"role":"admin"}
[2026-05-07 15:14:19] [User: guest] [IP: ::1] ACCESS: Login attempt | {"email":"knz@dyzen.com","ip":"::1"}
[2026-05-07 15:33:41] [User: guest] [IP: ::1] ACCESS: Login attempt | {"email":"admin@dyzen.com","ip":"::1"}
[2026-05-07 15:33:41] [User: 1] [IP: ::1] ACCESS: Login successful | {"user_id":1,"email":"admin@dyzen.com"}
[2026-05-07 15:33:41] [User: 1] [IP: ::1] ACTIVITY: User 1 - User logged in | {"role":"admin"}
[2026-05-07 15:52:54] [User: 1] [IP: ::1] ACTIVITY: User 1 - Added new book | {"judul":"Bulan","isbn":"9786020301532"}
[2026-05-07 15:52:54] [User: 1] [IP: ::1] ACCESS: Book added by admin | {"admin_id":1,"book_title":"Bulan"}
[2026-05-07 15:53:08] [User: guest] [IP: ::1] ACCESS: Login attempt | {"email":"admin@dyzen.com","ip":"::1"}
[2026-05-07 15:53:08] [User: 1] [IP: ::1] ACCESS: Login successful | {"user_id":1,"email":"admin@dyzen.com"}
[2026-05-07 15:53:08] [User: 1] [IP: ::1] ACTIVITY: User 1 - User logged in | {"role":"admin"}
[2026-05-07 15:57:12] [User: 1] [IP: ::1] ACTIVITY: User 1 - Added new book | {"judul":"Bumi","isbn":"9786020301532"}
[2026-05-07 15:57:12] [User: 1] [IP: ::1] ACCESS: Book added by admin | {"admin_id":1,"book_title":"Bumi"}
[2026-05-07 15:57:52] [User: 1] [IP: ::1] ACTIVITY: User 1 - Added new book | {"judul":"Matahari","isbn":"9786020332437"}
[2026-05-07 15:57:52] [User: 1] [IP: ::1] ACCESS: Book added by admin | {"admin_id":1,"book_title":"Matahari"}
[2026-05-07 16:01:14] [User: 1] [IP: ::1] ACTIVITY: User 1 - Added new book | {"judul":"Bintang","isbn":"9786020351179"}
[2026-05-07 16:01:14] [User: 1] [IP: ::1] ACCESS: Book added by admin | {"admin_id":1,"book_title":"Bintang"}
[2026-05-07 16:03:43] [User: 1] [IP: ::1] ACTIVITY: User 1 - Added new book | {"judul":"Ceros dan Batozar","isbn":"9786020385914"}
[2026-05-07 16:03:43] [User: 1] [IP: ::1] ACCESS: Book added by admin | {"admin_id":1,"book_title":"Ceros dan Batozar"}
[2026-05-07 16:04:54] [User: 1] [IP: ::1] ACTIVITY: User 1 - Added new book | {"judul":"Komet","isbn":"9786020385938"}
[2026-05-07 16:04:54] [User: 1] [IP: ::1] ACCESS: Book added by admin | {"admin_id":1,"book_title":"Komet"}
[2026-05-07 16:05:28] [User: 1] [IP: ::1] ACTIVITY: User 1 - Added new book | {"judul":"Komet Minor","isbn":"9786020623399"}
[2026-05-07 16:05:28] [User: 1] [IP: ::1] ACCESS: Book added by admin | {"admin_id":1,"book_title":"Komet Minor"}
[2026-05-07 16:06:17] [User: 1] [IP: ::1] ACTIVITY: User 1 - Added new book | {"judul":"Selena","isbn":"9786020639512"}
[2026-05-07 16:06:17] [User: 1] [IP: ::1] ACCESS: Book added by admin | {"admin_id":1,"book_title":"Selena"}
[2026-05-07 16:06:58] [User: 1] [IP: ::1] ACTIVITY: User 1 - Added new book | {"judul":"Nebula","isbn":"9786020639529"}
[2026-05-07 16:06:58] [User: 1] [IP: ::1] ACCESS: Book added by admin | {"admin_id":1,"book_title":"Nebula"}
[2026-05-07 16:07:50] [User: guest] [IP: ::1] ACCESS: Login attempt | {"email":"maskengg94@gmail.com","ip":"::1"}
[2026-05-07 16:07:50] [User: 5] [IP: ::1] ACCESS: Login successful | {"user_id":5,"email":"maskengg94@gmail.com"}
[2026-05-07 16:07:50] [User: 5] [IP: ::1] ACTIVITY: User 5 - User logged in | {"role":"user"}
[2026-05-07 16:10:50] [User: guest] [IP: ::1] ACCESS: Login attempt | {"email":"knz@dyzen.com","ip":"::1"}
[2026-05-07 16:10:50] [User: 4] [IP: ::1] ACCESS: Login successful | {"user_id":4,"email":"knz@dyzen.com"}
[2026-05-07 16:10:50] [User: 4] [IP: ::1] ACTIVITY: User 4 - User logged in | {"role":"user"}
[2026-05-07 16:13:53] [User: guest] [IP: ::1] ACCESS: Login attempt | {"email":"admin@dyzen.com","ip":"::1"}
[2026-05-07 16:13:53] [User: 1] [IP: ::1] ACCESS: Login successful | {"user_id":1,"email":"admin@dyzen.com"}
[2026-05-07 16:13:53] [User: 1] [IP: ::1] ACTIVITY: User 1 - User logged in | {"role":"admin"}
[2026-05-07 16:34:51] [User: 1] [IP: ::1] ACTIVITY: User 1 - Added new book | {"judul":"Pergi","isbn":"9786020384504"}
[2026-05-07 16:34:51] [User: 1] [IP: ::1] ACCESS: Book added by admin | {"admin_id":1,"book_title":"Pergi"}
[2026-05-08 02:00:28] [User: guest] [IP: ::1] ACCESS: Login attempt | {"email":"admin@dyzen.com","ip":"::1"}
[2026-05-08 02:00:29] [User: 1] [IP: ::1] ACCESS: Login successful | {"user_id":1,"email":"admin@dyzen.com"}
[2026-05-08 02:00:29] [User: 1] [IP: ::1] ACTIVITY: User 1 - User logged in | {"role":"admin"}
[2026-05-08 02:01:59] [User: guest] [IP: ::1] ACCESS: Login attempt | {"email":"knz@dyzen.com","ip":"::1"}
[2026-05-08 02:01:59] [User: 4] [IP: ::1] ACCESS: Login successful | {"user_id":4,"email":"knz@dyzen.com"}
[2026-05-08 02:01:59] [User: 4] [IP: ::1] ACTIVITY: User 4 - User logged in | {"role":"user"}
[2026-05-08 02:04:36] [User: guest] [IP: ::1] ACCESS: Login attempt | {"email":"knz@dyzen.com","ip":"::1"}
[2026-05-08 02:04:36] [User: 4] [IP: ::1] ACCESS: Login successful | {"user_id":4,"email":"knz@dyzen.com"}
[2026-05-08 02:04:36] [User: 4] [IP: ::1] ACTIVITY: User 4 - User logged in | {"role":"user"}
[2026-05-08 02:05:14] [User: guest] [IP: ::1] ACCESS: Login attempt | {"email":"admin@dyzen.com","ip":"::1"}
[2026-05-08 02:05:14] [User: 1] [IP: ::1] ACCESS: Login successful | {"user_id":1,"email":"admin@dyzen.com"}
[2026-05-08 02:05:14] [User: 1] [IP: ::1] ACTIVITY: User 1 - User logged in | {"role":"admin"}
[2026-05-12 04:07:33] [User: guest] [IP: ::1] ACCESS: Login attempt | {"email":"maskengg94@gmail.com","ip":"::1"}
[2026-05-12 04:07:40] [User: guest] [IP: ::1] ACCESS: Login attempt | {"email":"maskengg94@gmail.com","ip":"::1"}
[2026-05-12 04:07:57] [User: guest] [IP: ::1] ACCESS: Login attempt | {"email":"maskengg94@gmail.com","ip":"::1"}
[2026-05-12 04:07:57] [User: 5] [IP: ::1] ACCESS: Login successful | {"user_id":5,"email":"maskengg94@gmail.com"}
[2026-05-12 04:07:57] [User: 5] [IP: ::1] ACTIVITY: User 5 - User logged in | {"role":"user"}
[2026-05-12 04:08:58] [User: guest] [IP: ::1] ACCESS: Login attempt | {"email":"admin@dyzen.com","ip":"::1"}
[2026-05-12 04:08:58] [User: 1] [IP: ::1] ACCESS: Login successful | {"user_id":1,"email":"admin@dyzen.com"}
[2026-05-12 04:08:58] [User: 1] [IP: ::1] ACTIVITY: User 1 - User logged in | {"role":"admin"}
[2026-05-12 04:16:14] [User: guest] [IP: ::1] ACCESS: Login attempt | {"email":"maskengg94@gmail.com","ip":"::1"}
[2026-05-12 04:16:14] [User: 5] [IP: ::1] ACCESS: Login successful | {"user_id":5,"email":"maskengg94@gmail.com"}
[2026-05-12 04:16:14] [User: 5] [IP: ::1] ACTIVITY: User 5 - User logged in | {"role":"user"}
[2026-05-12 04:16:58] [User: guest] [IP: ::1] ACCESS: Login attempt | {"email":"admin@dyzen.com","ip":"::1"}
[2026-05-12 04:17:08] [User: guest] [IP: ::1] ACCESS: Login attempt | {"email":"admin@dyzen.com","ip":"::1"}
[2026-05-12 04:17:09] [User: 1] [IP: ::1] ACCESS: Login successful | {"user_id":1,"email":"admin@dyzen.com"}
[2026-05-12 04:17:09] [User: 1] [IP: ::1] ACTIVITY: User 1 - User logged in | {"role":"admin"}
[2026-05-12 04:18:01] [User: 1] [IP: ::1] ACTIVITY: User 1 - Added new book | {"judul":"Atomic Habits","isbn":"83248902349032"}
[2026-05-12 04:18:01] [User: 1] [IP: ::1] ACCESS: Book added by admin | {"admin_id":1,"book_title":"Atomic Habits"}
[2026-05-12 04:24:07] [User: guest] [IP: ::1] ACCESS: Login attempt | {"email":"knz@dyzen.com","ip":"::1"}
[2026-05-12 04:24:07] [User: 4] [IP: ::1] ACCESS: Login successful | {"user_id":4,"email":"knz@dyzen.com"}
[2026-05-12 04:24:07] [User: 4] [IP: ::1] ACTIVITY: User 4 - User logged in | {"role":"user"}
[2026-05-12 04:24:39] [User: guest] [IP: ::1] ACCESS: Login attempt | {"email":"admin@dyzen.com","ip":"::1"}
[2026-05-12 04:24:39] [User: 1] [IP: ::1] ACCESS: Login successful | {"user_id":1,"email":"admin@dyzen.com"}
[2026-05-12 04:24:39] [User: 1] [IP: ::1] ACTIVITY: User 1 - User logged in | {"role":"admin"}
[2026-05-12 04:34:00] [User: guest] [IP: ::1] ACCESS: Login attempt | {"email":"maskengg94@gmail.com","ip":"::1"}
[2026-05-12 04:34:10] [User: guest] [IP: ::1] ACCESS: Login attempt | {"email":"maskengg94@gmail.com","ip":"::1"}
[2026-05-12 04:34:10] [User: 5] [IP: ::1] ACCESS: Login successful | {"user_id":5,"email":"maskengg94@gmail.com"}
[2026-05-12 04:34:10] [User: 5] [IP: ::1] ACTIVITY: User 5 - User logged in | {"role":"user"}
[2026-05-12 04:34:38] [User: guest] [IP: ::1] ACCESS: Login attempt | {"email":"knz@dyzen.com","ip":"::1"}
[2026-05-12 04:34:45] [User: guest] [IP: ::1] ACCESS: Login attempt | {"email":"knz@dyzen.com","ip":"::1"}
[2026-05-12 04:34:45] [User: 4] [IP: ::1] ACCESS: Login successful | {"user_id":4,"email":"knz@dyzen.com"}
[2026-05-12 04:34:45] [User: 4] [IP: ::1] ACTIVITY: User 4 - User logged in | {"role":"user"}
[2026-05-13 07:27:15] [User: guest] [IP: ::1] ACCESS: Login attempt | {"email":"admin@dyzen.com","ip":"::1"}
[2026-05-13 07:27:44] [User: guest] [IP: ::1] ACCESS: Login attempt | {"email":"admin@dyzen.com","ip":"::1"}
[2026-05-13 07:27:44] [User: 1] [IP: ::1] ACCESS: Login successful | {"user_id":1,"email":"admin@dyzen.com"}
[2026-05-13 07:27:44] [User: 1] [IP: ::1] ACTIVITY: User 1 - User logged in | {"role":"admin"}
[2026-05-13 07:28:34] [User: guest] [IP: ::1] ACCESS: Login attempt | {"email":"knz@dyzen.com","ip":"::1"}
[2026-05-13 07:28:35] [User: 4] [IP: ::1] ACCESS: Login successful | {"user_id":4,"email":"knz@dyzen.com"}
[2026-05-13 07:28:35] [User: 4] [IP: ::1] ACTIVITY: User 4 - User logged in | {"role":"user"}
[2026-05-13 09:24:33] [User: guest] [IP: ::1] ACCESS: Login attempt | {"email":"admin@dyzen.com","ip":"::1"}
[2026-05-13 09:24:33] [User: 1] [IP: ::1] ACCESS: Login successful | {"user_id":1,"email":"admin@dyzen.com"}
[2026-05-13 09:24:33] [User: 1] [IP: ::1] ACTIVITY: User 1 - User logged in | {"role":"admin"}
[2026-05-13 09:25:47] [User: guest] [IP: ::1] ACCESS: Login attempt | {"email":"knz@dyzen.com","ip":"::1"}
[2026-05-13 09:25:47] [User: 4] [IP: ::1] ACCESS: Login successful | {"user_id":4,"email":"knz@dyzen.com"}
[2026-05-13 09:25:47] [User: 4] [IP: ::1] ACTIVITY: User 4 - User logged in | {"role":"user"}
[2026-05-13 14:55:43] [User: guest] [IP: ::1] ACCESS: Login attempt | {"email":"knz@dyzen.com","ip":"::1"}
[2026-05-13 14:55:43] [User: 4] [IP: ::1] ACCESS: Login successful | {"user_id":4,"email":"knz@dyzen.com"}
[2026-05-13 14:55:43] [User: 4] [IP: ::1] ACTIVITY: User 4 - User logged in | {"role":"user"}
[2026-05-13 15:00:16] [User: guest] [IP: ::1] ACCESS: Login attempt | {"email":"admin@dyzen.com","ip":"::1"}
[2026-05-13 15:00:16] [User: 1] [IP: ::1] ACCESS: Login successful | {"user_id":1,"email":"admin@dyzen.com"}
[2026-05-13 15:00:16] [User: 1] [IP: ::1] ACTIVITY: User 1 - User logged in | {"role":"admin"}
[2026-05-14 03:35:51] [User: guest] [IP: ::1] ACCESS: Login attempt | {"email":"admin@dyzen.com","ip":"::1"}
[2026-05-14 03:35:51] [User: 1] [IP: ::1] ACCESS: Login successful | {"user_id":1,"email":"admin@dyzen.com"}
[2026-05-14 03:35:51] [User: 1] [IP: ::1] ACTIVITY: User 1 - User logged in | {"role":"admin"}
[2026-05-14 03:45:56] [User: guest] [IP: ::1] ACCESS: Login attempt | {"email":"admin@dyzen.com","ip":"::1"}
[2026-05-14 03:45:56] [User: 1] [IP: ::1] ACCESS: Login successful | {"user_id":1,"email":"admin@dyzen.com"}
[2026-05-14 03:45:56] [User: 1] [IP: ::1] ACTIVITY: User 1 - User logged in | {"role":"admin"}
[2026-05-14 03:55:48] [User: guest] [IP: ::1] ACCESS: Login attempt | {"email":"admin@dyzen.com","ip":"::1"}
[2026-05-14 03:55:54] [User: guest] [IP: ::1] ACCESS: Login attempt | {"email":"admin@dyzen.com","ip":"::1"}
[2026-05-14 03:55:54] [User: 1] [IP: ::1] ACCESS: Login successful | {"user_id":1,"email":"admin@dyzen.com"}
[2026-05-14 03:55:54] [User: 1] [IP: ::1] ACTIVITY: User 1 - User logged in | {"role":"admin"}
[2026-05-14 05:20:46] [User: guest] [IP: ::1] ACCESS: Login attempt | {"email":"admin@dyzen.com","ip":"::1"}
[2026-05-14 05:20:46] [User: 1] [IP: ::1] ACCESS: Login successful | {"user_id":1,"email":"admin@dyzen.com"}
[2026-05-14 05:20:46] [User: 1] [IP: ::1] ACTIVITY: User 1 - User logged in | {"role":"admin"}
