[2026-05-07 04:01:29] [User: guest] [IP: ::1] ERROR: Error 2: Undefined variable $email in C:\xampp\htdocs\perpustakaan_dyzen\auth\login.php on line 6
[07-May-2026 04:01:29 Europe/Berlin] PHP Warning:  Undefined variable $email in C:\xampp\htdocs\perpustakaan_dyzen\auth\login.php on line 6
[2026-05-07 04:01:29] [User: guest] [IP: ::1] ERROR: Error 2: Undefined variable $login_success in C:\xampp\htdocs\perpustakaan_dyzen\auth\login.php on line 8
[07-May-2026 04:01:29 Europe/Berlin] PHP Warning:  Undefined variable $login_success in C:\xampp\htdocs\perpustakaan_dyzen\auth\login.php on line 8
[2026-05-07 04:01:29] [User: guest] [IP: ::1] ERROR: Error 2: Undefined variable $email in C:\xampp\htdocs\perpustakaan_dyzen\auth\login.php on line 12
[07-May-2026 04:01:29 Europe/Berlin] PHP Warning:  Undefined variable $email in C:\xampp\htdocs\perpustakaan_dyzen\auth\login.php on line 12
[07-May-2026 04:01:29 Europe/Berlin] [SECURITY] Login failed {"email":null,"reason":"wrong password"}
[2026-05-07 04:19:08] [User: guest] [IP: ::1] ERROR: Error 2: Undefined variable $email in C:\xampp\htdocs\perpustakaan_dyzen\auth\login.php on line 6
[07-May-2026 04:19:08 Europe/Berlin] PHP Warning:  Undefined variable $email in C:\xampp\htdocs\perpustakaan_dyzen\auth\login.php on line 6
[2026-05-07 04:19:08] [User: guest] [IP: ::1] ERROR: Error 2: Undefined variable $login_success in C:\xampp\htdocs\perpustakaan_dyzen\auth\login.php on line 8
[07-May-2026 04:19:08 Europe/Berlin] PHP Warning:  Undefined variable $login_success in C:\xampp\htdocs\perpustakaan_dyzen\auth\login.php on line 8
[2026-05-07 04:19:08] [User: guest] [IP: ::1] ERROR: Error 2: Undefined variable $email in C:\xampp\htdocs\perpustakaan_dyzen\auth\login.php on line 12
[07-May-2026 04:19:08 Europe/Berlin] PHP Warning:  Undefined variable $email in C:\xampp\htdocs\perpustakaan_dyzen\auth\login.php on line 12
[07-May-2026 04:19:08 Europe/Berlin] [SECURITY] Login failed {"email":null,"reason":"wrong password"}
[07-May-2026 05:42:14 Europe/Berlin] PHP Fatal error:  Uncaught Error: Class "Str" not found in C:\xampp\htdocs\perpustakaan_dyzen\landing\halaman_awal.php:663
Stack trace:
#0 {main}
  thrown in C:\xampp\htdocs\perpustakaan_dyzen\landing\halaman_awal.php on line 663
[2026-05-07 10:16:07] [User: guest] [IP: ::1] ERROR: Error 2: Undefined variable $email in C:\xampp\htdocs\perpustakaan_dyzen\auth\login.php on line 6
[07-May-2026 10:16:07 Europe/Berlin] PHP Warning:  Undefined variable $email in C:\xampp\htdocs\perpustakaan_dyzen\auth\login.php on line 6
[2026-05-07 10:16:07] [User: guest] [IP: ::1] ERROR: Error 2: Undefined variable $login_success in C:\xampp\htdocs\perpustakaan_dyzen\auth\login.php on line 8
[07-May-2026 10:16:07 Europe/Berlin] PHP Warning:  Undefined variable $login_success in C:\xampp\htdocs\perpustakaan_dyzen\auth\login.php on line 8
[2026-05-07 10:16:07] [User: guest] [IP: ::1] ERROR: Error 2: Undefined variable $email in C:\xampp\htdocs\perpustakaan_dyzen\auth\login.php on line 12
[07-May-2026 10:16:07 Europe/Berlin] PHP Warning:  Undefined variable $email in C:\xampp\htdocs\perpustakaan_dyzen\auth\login.php on line 12
[07-May-2026 10:16:07 Europe/Berlin] [SECURITY] Login failed {"email":null,"reason":"wrong password"}
[2026-05-07 10:34:47] [User: guest] [IP: ::1] ERROR: Error 2: Undefined variable $email in C:\xampp\htdocs\perpustakaan_dyzen\auth\login.php on line 6
[07-May-2026 10:34:47 Europe/Berlin] PHP Warning:  Undefined variable $email in C:\xampp\htdocs\perpustakaan_dyzen\auth\login.php on line 6
[2026-05-07 10:34:47] [User: guest] [IP: ::1] ERROR: Error 2: Undefined variable $login_success in C:\xampp\htdocs\perpustakaan_dyzen\auth\login.php on line 8
[07-May-2026 10:34:47 Europe/Berlin] PHP Warning:  Undefined variable $login_success in C:\xampp\htdocs\perpustakaan_dyzen\auth\login.php on line 8
[2026-05-07 10:34:47] [User: guest] [IP: ::1] ERROR: Error 2: Undefined variable $email in C:\xampp\htdocs\perpustakaan_dyzen\auth\login.php on line 12
[07-May-2026 10:34:47 Europe/Berlin] PHP Warning:  Undefined variable $email in C:\xampp\htdocs\perpustakaan_dyzen\auth\login.php on line 12
[07-May-2026 10:34:47 Europe/Berlin] [SECURITY] Login failed {"email":null,"reason":"wrong password"}
[2026-05-07 10:35:28] [User: guest] [IP: ::1] ERROR: Error 2: Undefined variable $email in C:\xampp\htdocs\perpustakaan_dyzen\auth\login.php on line 6
[07-May-2026 10:35:28 Europe/Berlin] PHP Warning:  Undefined variable $email in C:\xampp\htdocs\perpustakaan_dyzen\auth\login.php on line 6
[2026-05-07 10:35:28] [User: guest] [IP: ::1] ERROR: Error 2: Undefined variable $login_success in C:\xampp\htdocs\perpustakaan_dyzen\auth\login.php on line 8
[07-May-2026 10:35:28 Europe/Berlin] PHP Warning:  Undefined variable $login_success in C:\xampp\htdocs\perpustakaan_dyzen\auth\login.php on line 8
[2026-05-07 10:35:28] [User: guest] [IP: ::1] ERROR: Error 2: Undefined variable $email in C:\xampp\htdocs\perpustakaan_dyzen\auth\login.php on line 12
[07-May-2026 10:35:28 Europe/Berlin] PHP Warning:  Undefined variable $email in C:\xampp\htdocs\perpustakaan_dyzen\auth\login.php on line 12
[07-May-2026 10:35:28 Europe/Berlin] [SECURITY] Login failed {"email":null,"reason":"wrong password"}
[2026-05-07 10:35:54] [User: guest] [IP: ::1] ERROR: Error 2: Undefined variable $email in C:\xampp\htdocs\perpustakaan_dyzen\auth\login.php on line 6
[07-May-2026 10:35:54 Europe/Berlin] PHP Warning:  Undefined variable $email in C:\xampp\htdocs\perpustakaan_dyzen\auth\login.php on line 6
[2026-05-07 10:35:54] [User: guest] [IP: ::1] ERROR: Error 2: Undefined variable $login_success in C:\xampp\htdocs\perpustakaan_dyzen\auth\login.php on line 8
[07-May-2026 10:35:54 Europe/Berlin] PHP Warning:  Undefined variable $login_success in C:\xampp\htdocs\perpustakaan_dyzen\auth\login.php on line 8
[2026-05-07 10:35:54] [User: guest] [IP: ::1] ERROR: Error 2: Undefined variable $email in C:\xampp\htdocs\perpustakaan_dyzen\auth\login.php on line 12
[07-May-2026 10:35:54 Europe/Berlin] PHP Warning:  Undefined variable $email in C:\xampp\htdocs\perpustakaan_dyzen\auth\login.php on line 12
[07-May-2026 10:35:54 Europe/Berlin] [SECURITY] Login failed {"email":null,"reason":"wrong password"}
[2026-05-07 10:36:17] [User: guest] [IP: ::1] ERROR: Error 2: Undefined variable $email in C:\xampp\htdocs\perpustakaan_dyzen\auth\login.php on line 6
[07-May-2026 10:36:17 Europe/Berlin] PHP Warning:  Undefined variable $email in C:\xampp\htdocs\perpustakaan_dyzen\auth\login.php on line 6
[2026-05-07 10:36:17] [User: guest] [IP: ::1] ERROR: Error 2: Undefined variable $login_success in C:\xampp\htdocs\perpustakaan_dyzen\auth\login.php on line 8
[07-May-2026 10:36:17 Europe/Berlin] PHP Warning:  Undefined variable $login_success in C:\xampp\htdocs\perpustakaan_dyzen\auth\login.php on line 8
[2026-05-07 10:36:17] [User: guest] [IP: ::1] ERROR: Error 2: Undefined variable $email in C:\xampp\htdocs\perpustakaan_dyzen\auth\login.php on line 12
[07-May-2026 10:36:17 Europe/Berlin] PHP Warning:  Undefined variable $email in C:\xampp\htdocs\perpustakaan_dyzen\auth\login.php on line 12
[07-May-2026 10:36:17 Europe/Berlin] [SECURITY] Login failed {"email":null,"reason":"wrong password"}
[2026-05-07 10:44:12] [User: guest] [IP: ::1] ERROR: Error 2: Undefined variable $email in C:\xampp\htdocs\perpustakaan_dyzen\auth\login.php on line 6
[07-May-2026 10:44:12 Europe/Berlin] PHP Warning:  Undefined variable $email in C:\xampp\htdocs\perpustakaan_dyzen\auth\login.php on line 6
[2026-05-07 10:44:12] [User: guest] [IP: ::1] ERROR: Error 2: Undefined variable $login_success in C:\xampp\htdocs\perpustakaan_dyzen\auth\login.php on line 8
[07-May-2026 10:44:12 Europe/Berlin] PHP Warning:  Undefined variable $login_success in C:\xampp\htdocs\perpustakaan_dyzen\auth\login.php on line 8
[2026-05-07 10:44:12] [User: guest] [IP: ::1] ERROR: Error 2: Undefined variable $email in C:\xampp\htdocs\perpustakaan_dyzen\auth\login.php on line 12
[07-May-2026 10:44:12 Europe/Berlin] PHP Warning:  Undefined variable $email in C:\xampp\htdocs\perpustakaan_dyzen\auth\login.php on line 12
[07-May-2026 10:44:12 Europe/Berlin] [SECURITY] Login failed {"email":null,"reason":"wrong password"}
[2026-05-07 10:44:16] [User: guest] [IP: ::1] ERROR: Error 2: Undefined variable $email in C:\xampp\htdocs\perpustakaan_dyzen\auth\login.php on line 6
[07-May-2026 10:44:16 Europe/Berlin] PHP Warning:  Undefined variable $email in C:\xampp\htdocs\perpustakaan_dyzen\auth\login.php on line 6
[2026-05-07 10:44:16] [User: guest] [IP: ::1] ERROR: Error 2: Undefined variable $login_success in C:\xampp\htdocs\perpustakaan_dyzen\auth\login.php on line 8
[07-May-2026 10:44:16 Europe/Berlin] PHP Warning:  Undefined variable $login_success in C:\xampp\htdocs\perpustakaan_dyzen\auth\login.php on line 8
[2026-05-07 10:44:16] [User: guest] [IP: ::1] ERROR: Error 2: Undefined variable $email in C:\xampp\htdocs\perpustakaan_dyzen\auth\login.php on line 12
[07-May-2026 10:44:16 Europe/Berlin] PHP Warning:  Undefined variable $email in C:\xampp\htdocs\perpustakaan_dyzen\auth\login.php on line 12
[07-May-2026 10:44:16 Europe/Berlin] [SECURITY] Login failed {"email":null,"reason":"wrong password"}
[2026-05-07 10:45:31] [User: guest] [IP: ::1] ERROR: Error 2: Undefined variable $email in C:\xampp\htdocs\perpustakaan_dyzen\auth\login.php on line 6
[07-May-2026 10:45:31 Europe/Berlin] PHP Warning:  Undefined variable $email in C:\xampp\htdocs\perpustakaan_dyzen\auth\login.php on line 6
[2026-05-07 10:45:31] [User: guest] [IP: ::1] ERROR: Error 2: Undefined variable $login_success in C:\xampp\htdocs\perpustakaan_dyzen\auth\login.php on line 8
[07-May-2026 10:45:31 Europe/Berlin] PHP Warning:  Undefined variable $login_success in C:\xampp\htdocs\perpustakaan_dyzen\auth\login.php on line 8
[2026-05-07 10:45:31] [User: guest] [IP: ::1] ERROR: Error 2: Undefined variable $email in C:\xampp\htdocs\perpustakaan_dyzen\auth\login.php on line 12
[07-May-2026 10:45:31 Europe/Berlin] PHP Warning:  Undefined variable $email in C:\xampp\htdocs\perpustakaan_dyzen\auth\login.php on line 12
[07-May-2026 10:45:31 Europe/Berlin] [SECURITY] Login failed {"email":null,"reason":"wrong password"}
[2026-05-07 10:45:45] [User: guest] [IP: ::1] ERROR: Error 2: Undefined variable $email in C:\xampp\htdocs\perpustakaan_dyzen\auth\login.php on line 6
[07-May-2026 10:45:45 Europe/Berlin] PHP Warning:  Undefined variable $email in C:\xampp\htdocs\perpustakaan_dyzen\auth\login.php on line 6
[2026-05-07 10:45:45] [User: guest] [IP: ::1] ERROR: Error 2: Undefined variable $login_success in C:\xampp\htdocs\perpustakaan_dyzen\auth\login.php on line 8
[07-May-2026 10:45:45 Europe/Berlin] PHP Warning:  Undefined variable $login_success in C:\xampp\htdocs\perpustakaan_dyzen\auth\login.php on line 8
[2026-05-07 10:45:45] [User: guest] [IP: ::1] ERROR: Error 2: Undefined variable $email in C:\xampp\htdocs\perpustakaan_dyzen\auth\login.php on line 12
[07-May-2026 10:45:45 Europe/Berlin] PHP Warning:  Undefined variable $email in C:\xampp\htdocs\perpustakaan_dyzen\auth\login.php on line 12
[07-May-2026 10:45:45 Europe/Berlin] [SECURITY] Login failed {"email":null,"reason":"wrong password"}
[2026-05-07 10:46:02] [User: guest] [IP: ::1] ERROR: Error 2: Undefined variable $email in C:\xampp\htdocs\perpustakaan_dyzen\auth\login.php on line 6
[07-May-2026 10:46:02 Europe/Berlin] PHP Warning:  Undefined variable $email in C:\xampp\htdocs\perpustakaan_dyzen\auth\login.php on line 6
[2026-05-07 10:46:02] [User: guest] [IP: ::1] ERROR: Error 2: Undefined variable $login_success in C:\xampp\htdocs\perpustakaan_dyzen\auth\login.php on line 8
[07-May-2026 10:46:02 Europe/Berlin] PHP Warning:  Undefined variable $login_success in C:\xampp\htdocs\perpustakaan_dyzen\auth\login.php on line 8
[2026-05-07 10:46:02] [User: guest] [IP: ::1] ERROR: Error 2: Undefined variable $email in C:\xampp\htdocs\perpustakaan_dyzen\auth\login.php on line 12
[07-May-2026 10:46:02 Europe/Berlin] PHP Warning:  Undefined variable $email in C:\xampp\htdocs\perpustakaan_dyzen\auth\login.php on line 12
[07-May-2026 10:46:02 Europe/Berlin] [SECURITY] Login failed {"email":null,"reason":"wrong password"}
[2026-05-07 10:47:42] [User: guest] [IP: ::1] ERROR: Error 2: Undefined variable $email in C:\xampp\htdocs\perpustakaan_dyzen\auth\login.php on line 6
[07-May-2026 10:47:42 Europe/Berlin] PHP Warning:  Undefined variable $email in C:\xampp\htdocs\perpustakaan_dyzen\auth\login.php on line 6
[2026-05-07 10:47:42] [User: guest] [IP: ::1] ERROR: Error 2: Undefined variable $login_success in C:\xampp\htdocs\perpustakaan_dyzen\auth\login.php on line 8
[07-May-2026 10:47:42 Europe/Berlin] PHP Warning:  Undefined variable $login_success in C:\xampp\htdocs\perpustakaan_dyzen\auth\login.php on line 8
[2026-05-07 10:47:42] [User: guest] [IP: ::1] ERROR: Error 2: Undefined variable $email in C:\xampp\htdocs\perpustakaan_dyzen\auth\login.php on line 12
[07-May-2026 10:47:42 Europe/Berlin] PHP Warning:  Undefined variable $email in C:\xampp\htdocs\perpustakaan_dyzen\auth\login.php on line 12
[07-May-2026 10:47:42 Europe/Berlin] [SECURITY] Login failed {"email":null,"reason":"wrong password"}
[2026-05-07 10:49:25] [User: guest] [IP: ::1] ERROR: Error 2: Undefined variable $email in C:\xampp\htdocs\perpustakaan_dyzen\auth\login.php on line 6
[07-May-2026 10:49:25 Europe/Berlin] PHP Warning:  Undefined variable $email in C:\xampp\htdocs\perpustakaan_dyzen\auth\login.php on line 6
[2026-05-07 10:49:25] [User: guest] [IP: ::1] ERROR: Error 2: Undefined variable $login_success in C:\xampp\htdocs\perpustakaan_dyzen\auth\login.php on line 8
[07-May-2026 10:49:25 Europe/Berlin] PHP Warning:  Undefined variable $login_success in C:\xampp\htdocs\perpustakaan_dyzen\auth\login.php on line 8
[2026-05-07 10:49:25] [User: guest] [IP: ::1] ERROR: Error 2: Undefined variable $email in C:\xampp\htdocs\perpustakaan_dyzen\auth\login.php on line 12
[07-May-2026 10:49:25 Europe/Berlin] PHP Warning:  Undefined variable $email in C:\xampp\htdocs\perpustakaan_dyzen\auth\login.php on line 12
[07-May-2026 10:49:25 Europe/Berlin] [SECURITY] Login failed {"email":null,"reason":"wrong password"}
[2026-05-07 10:49:25] [User: guest] [IP: ::1] ERROR: Error 2: Undefined variable $email in C:\xampp\htdocs\perpustakaan_dyzen\auth\login.php on line 6
[07-May-2026 10:49:25 Europe/Berlin] PHP Warning:  Undefined variable $email in C:\xampp\htdocs\perpustakaan_dyzen\auth\login.php on line 6
[2026-05-07 10:49:25] [User: guest] [IP: ::1] ERROR: Error 2: Undefined variable $login_success in C:\xampp\htdocs\perpustakaan_dyzen\auth\login.php on line 8
[07-May-2026 10:49:25 Europe/Berlin] PHP Warning:  Undefined variable $login_success in C:\xampp\htdocs\perpustakaan_dyzen\auth\login.php on line 8
[2026-05-07 10:49:25] [User: guest] [IP: ::1] ERROR: Error 2: Undefined variable $email in C:\xampp\htdocs\perpustakaan_dyzen\auth\login.php on line 12
[07-May-2026 10:49:25 Europe/Berlin] PHP Warning:  Undefined variable $email in C:\xampp\htdocs\perpustakaan_dyzen\auth\login.php on line 12
[07-May-2026 10:49:25 Europe/Berlin] [SECURITY] Login failed {"email":null,"reason":"wrong password"}
[2026-05-07 10:49:43] [User: guest] [IP: ::1] ERROR: Error 2: Undefined variable $email in C:\xampp\htdocs\perpustakaan_dyzen\auth\login.php on line 6
[07-May-2026 10:49:43 Europe/Berlin] PHP Warning:  Undefined variable $email in C:\xampp\htdocs\perpustakaan_dyzen\auth\login.php on line 6
[2026-05-07 10:49:43] [User: guest] [IP: ::1] ERROR: Error 2: Undefined variable $login_success in C:\xampp\htdocs\perpustakaan_dyzen\auth\login.php on line 8
[07-May-2026 10:49:43 Europe/Berlin] PHP Warning:  Undefined variable $login_success in C:\xampp\htdocs\perpustakaan_dyzen\auth\login.php on line 8
[2026-05-07 10:49:43] [User: guest] [IP: ::1] ERROR: Error 2: Undefined variable $email in C:\xampp\htdocs\perpustakaan_dyzen\auth\login.php on line 12
[07-May-2026 10:49:43 Europe/Berlin] PHP Warning:  Undefined variable $email in C:\xampp\htdocs\perpustakaan_dyzen\auth\login.php on line 12
[07-May-2026 10:49:43 Europe/Berlin] [SECURITY] Login failed {"email":null,"reason":"wrong password"}
[2026-05-07 10:51:56] [User: guest] [IP: ::1] ERROR: Error 2: Undefined variable $email in C:\xampp\htdocs\perpustakaan_dyzen\auth\login.php on line 6
[07-May-2026 10:51:56 Europe/Berlin] PHP Warning:  Undefined variable $email in C:\xampp\htdocs\perpustakaan_dyzen\auth\login.php on line 6
[2026-05-07 10:51:56] [User: guest] [IP: ::1] ERROR: Error 2: Undefined variable $login_success in C:\xampp\htdocs\perpustakaan_dyzen\auth\login.php on line 8
[07-May-2026 10:51:56 Europe/Berlin] PHP Warning:  Undefined variable $login_success in C:\xampp\htdocs\perpustakaan_dyzen\auth\login.php on line 8
[2026-05-07 10:51:56] [User: guest] [IP: ::1] ERROR: Error 2: Undefined variable $email in C:\xampp\htdocs\perpustakaan_dyzen\auth\login.php on line 12
[07-May-2026 10:51:56 Europe/Berlin] PHP Warning:  Undefined variable $email in C:\xampp\htdocs\perpustakaan_dyzen\auth\login.php on line 12
[07-May-2026 10:51:56 Europe/Berlin] [SECURITY] Login failed {"email":null,"reason":"wrong password"}
[2026-05-07 10:53:38] [User: guest] [IP: ::1] ERROR: Error 2: Undefined variable $email in C:\xampp\htdocs\perpustakaan_dyzen\auth\login.php on line 6
[07-May-2026 10:53:38 Europe/Berlin] PHP Warning:  Undefined variable $email in C:\xampp\htdocs\perpustakaan_dyzen\auth\login.php on line 6
[2026-05-07 10:53:38] [User: guest] [IP: ::1] ERROR: Error 2: Undefined variable $login_success in C:\xampp\htdocs\perpustakaan_dyzen\auth\login.php on line 8
[07-May-2026 10:53:38 Europe/Berlin] PHP Warning:  Undefined variable $login_success in C:\xampp\htdocs\perpustakaan_dyzen\auth\login.php on line 8
[2026-05-07 10:53:38] [User: guest] [IP: ::1] ERROR: Error 2: Undefined variable $email in C:\xampp\htdocs\perpustakaan_dyzen\auth\login.php on line 12
[07-May-2026 10:53:38 Europe/Berlin] PHP Warning:  Undefined variable $email in C:\xampp\htdocs\perpustakaan_dyzen\auth\login.php on line 12
[07-May-2026 10:53:38 Europe/Berlin] [SECURITY] Login failed {"email":null,"reason":"wrong password"}
[2026-05-07 10:53:39] [User: guest] [IP: ::1] ERROR: Error 2: Undefined variable $email in C:\xampp\htdocs\perpustakaan_dyzen\auth\login.php on line 6
[07-May-2026 10:53:39 Europe/Berlin] PHP Warning:  Undefined variable $email in C:\xampp\htdocs\perpustakaan_dyzen\auth\login.php on line 6
[2026-05-07 10:53:39] [User: guest] [IP: ::1] ERROR: Error 2: Undefined variable $login_success in C:\xampp\htdocs\perpustakaan_dyzen\auth\login.php on line 8
[07-May-2026 10:53:39 Europe/Berlin] PHP Warning:  Undefined variable $login_success in C:\xampp\htdocs\perpustakaan_dyzen\auth\login.php on line 8
[2026-05-07 10:53:39] [User: guest] [IP: ::1] ERROR: Error 2: Undefined variable $email in C:\xampp\htdocs\perpustakaan_dyzen\auth\login.php on line 12
[07-May-2026 10:53:39 Europe/Berlin] PHP Warning:  Undefined variable $email in C:\xampp\htdocs\perpustakaan_dyzen\auth\login.php on line 12
[07-May-2026 10:53:39 Europe/Berlin] [SECURITY] Login failed {"email":null,"reason":"wrong password"}
[2026-05-07 10:53:42] [User: guest] [IP: ::1] ERROR: Error 2: Undefined variable $email in C:\xampp\htdocs\perpustakaan_dyzen\auth\login.php on line 6
[07-May-2026 10:53:42 Europe/Berlin] PHP Warning:  Undefined variable $email in C:\xampp\htdocs\perpustakaan_dyzen\auth\login.php on line 6
[2026-05-07 10:53:42] [User: guest] [IP: ::1] ERROR: Error 2: Undefined variable $login_success in C:\xampp\htdocs\perpustakaan_dyzen\auth\login.php on line 8
[07-May-2026 10:53:42 Europe/Berlin] PHP Warning:  Undefined variable $login_success in C:\xampp\htdocs\perpustakaan_dyzen\auth\login.php on line 8
[2026-05-07 10:53:42] [User: guest] [IP: ::1] ERROR: Error 2: Undefined variable $email in C:\xampp\htdocs\perpustakaan_dyzen\auth\login.php on line 12
[07-May-2026 10:53:42 Europe/Berlin] PHP Warning:  Undefined variable $email in C:\xampp\htdocs\perpustakaan_dyzen\auth\login.php on line 12
[07-May-2026 10:53:42 Europe/Berlin] [SECURITY] Login failed {"email":null,"reason":"wrong password"}
[2026-05-07 10:54:52] [User: guest] [IP: ::1] ERROR: Error 2: Undefined variable $email in C:\xampp\htdocs\perpustakaan_dyzen\auth\login.php on line 6
[07-May-2026 10:54:52 Europe/Berlin] PHP Warning:  Undefined variable $email in C:\xampp\htdocs\perpustakaan_dyzen\auth\login.php on line 6
[2026-05-07 10:54:52] [User: guest] [IP: ::1] ERROR: Error 2: Undefined variable $login_success in C:\xampp\htdocs\perpustakaan_dyzen\auth\login.php on line 8
[07-May-2026 10:54:52 Europe/Berlin] PHP Warning:  Undefined variable $login_success in C:\xampp\htdocs\perpustakaan_dyzen\auth\login.php on line 8
[2026-05-07 10:54:52] [User: guest] [IP: ::1] ERROR: Error 2: Undefined variable $email in C:\xampp\htdocs\perpustakaan_dyzen\auth\login.php on line 12
[07-May-2026 10:54:52 Europe/Berlin] PHP Warning:  Undefined variable $email in C:\xampp\htdocs\perpustakaan_dyzen\auth\login.php on line 12
[07-May-2026 10:54:52 Europe/Berlin] [SECURITY] Login failed {"email":null,"reason":"wrong password"}
[2026-05-07 10:54:57] [User: guest] [IP: ::1] ERROR: Error 2: Undefined variable $email in C:\xampp\htdocs\perpustakaan_dyzen\auth\login.php on line 6
[07-May-2026 10:54:57 Europe/Berlin] PHP Warning:  Undefined variable $email in C:\xampp\htdocs\perpustakaan_dyzen\auth\login.php on line 6
[2026-05-07 10:54:57] [User: guest] [IP: ::1] ERROR: Error 2: Undefined variable $login_success in C:\xampp\htdocs\perpustakaan_dyzen\auth\login.php on line 8
[07-May-2026 10:54:57 Europe/Berlin] PHP Warning:  Undefined variable $login_success in C:\xampp\htdocs\perpustakaan_dyzen\auth\login.php on line 8
[2026-05-07 10:54:57] [User: guest] [IP: ::1] ERROR: Error 2: Undefined variable $email in C:\xampp\htdocs\perpustakaan_dyzen\auth\login.php on line 12
[07-May-2026 10:54:57 Europe/Berlin] PHP Warning:  Undefined variable $email in C:\xampp\htdocs\perpustakaan_dyzen\auth\login.php on line 12
[07-May-2026 10:54:57 Europe/Berlin] [SECURITY] Login failed {"email":null,"reason":"wrong password"}
[2026-05-07 10:54:57] [User: guest] [IP: ::1] ERROR: Error 2: Undefined variable $email in C:\xampp\htdocs\perpustakaan_dyzen\auth\login.php on line 6
[07-May-2026 10:54:57 Europe/Berlin] PHP Warning:  Undefined variable $email in C:\xampp\htdocs\perpustakaan_dyzen\auth\login.php on line 6
[2026-05-07 10:54:57] [User: guest] [IP: ::1] ERROR: Error 2: Undefined variable $login_success in C:\xampp\htdocs\perpustakaan_dyzen\auth\login.php on line 8
[07-May-2026 10:54:57 Europe/Berlin] PHP Warning:  Undefined variable $login_success in C:\xampp\htdocs\perpustakaan_dyzen\auth\login.php on line 8
[2026-05-07 10:54:57] [User: guest] [IP: ::1] ERROR: Error 2: Undefined variable $email in C:\xampp\htdocs\perpustakaan_dyzen\auth\login.php on line 12
[07-May-2026 10:54:57 Europe/Berlin] PHP Warning:  Undefined variable $email in C:\xampp\htdocs\perpustakaan_dyzen\auth\login.php on line 12
[07-May-2026 10:54:57 Europe/Berlin] [SECURITY] Login failed {"email":null,"reason":"wrong password"}
[2026-05-07 10:54:58] [User: guest] [IP: ::1] ERROR: Error 2: Undefined variable $email in C:\xampp\htdocs\perpustakaan_dyzen\auth\login.php on line 6
[07-May-2026 10:54:58 Europe/Berlin] PHP Warning:  Undefined variable $email in C:\xampp\htdocs\perpustakaan_dyzen\auth\login.php on line 6
[2026-05-07 10:54:58] [User: guest] [IP: ::1] ERROR: Error 2: Undefined variable $login_success in C:\xampp\htdocs\perpustakaan_dyzen\auth\login.php on line 8
[07-May-2026 10:54:58 Europe/Berlin] PHP Warning:  Undefined variable $login_success in C:\xampp\htdocs\perpustakaan_dyzen\auth\login.php on line 8
[2026-05-07 10:54:58] [User: guest] [IP: ::1] ERROR: Error 2: Undefined variable $email in C:\xampp\htdocs\perpustakaan_dyzen\auth\login.php on line 12
[07-May-2026 10:54:58 Europe/Berlin] PHP Warning:  Undefined variable $email in C:\xampp\htdocs\perpustakaan_dyzen\auth\login.php on line 12
[07-May-2026 10:54:58 Europe/Berlin] [SECURITY] Login failed {"email":null,"reason":"wrong password"}
[07-May-2026 11:50:48 Europe/Berlin] PHP Fatal error:  Uncaught Error: Class "Logger" not found in C:\xampp\htdocs\perpustakaan_dyzen\auth\forgot_password.php:45
Stack trace:
#0 {main}
  thrown in C:\xampp\htdocs\perpustakaan_dyzen\auth\forgot_password.php on line 45
[07-May-2026 11:52:20 Europe/Berlin] PHP Fatal error:  Uncaught Error: Class "Logger" not found in C:\xampp\htdocs\perpustakaan_dyzen\auth\forgot_password.php:45
Stack trace:
#0 {main}
  thrown in C:\xampp\htdocs\perpustakaan_dyzen\auth\forgot_password.php on line 45
[07-May-2026 11:55:51 Europe/Berlin] PHP Fatal error:  Uncaught Error: Class "Logger" not found in C:\xampp\htdocs\perpustakaan_dyzen\auth\forgot_password.php:45
Stack trace:
#0 {main}
  thrown in C:\xampp\htdocs\perpustakaan_dyzen\auth\forgot_password.php on line 45
[07-May-2026 11:55:54 Europe/Berlin] PHP Fatal error:  Uncaught Error: Class "Logger" not found in C:\xampp\htdocs\perpustakaan_dyzen\auth\forgot_password.php:45
Stack trace:
#0 {main}
  thrown in C:\xampp\htdocs\perpustakaan_dyzen\auth\forgot_password.php on line 45
[2026-05-07 11:58:25] [User: guest] [IP: ::1] ERROR: Error 2: Undefined variable $email in C:\xampp\htdocs\perpustakaan_dyzen\auth\login.php on line 6
[07-May-2026 11:58:25 Europe/Berlin] PHP Warning:  Undefined variable $email in C:\xampp\htdocs\perpustakaan_dyzen\auth\login.php on line 6
[2026-05-07 11:58:25] [User: guest] [IP: ::1] ERROR: Error 2: Undefined variable $login_success in C:\xampp\htdocs\perpustakaan_dyzen\auth\login.php on line 8
[07-May-2026 11:58:25 Europe/Berlin] PHP Warning:  Undefined variable $login_success in C:\xampp\htdocs\perpustakaan_dyzen\auth\login.php on line 8
[2026-05-07 11:58:25] [User: guest] [IP: ::1] ERROR: Error 2: Undefined variable $email in C:\xampp\htdocs\perpustakaan_dyzen\auth\login.php on line 12
[07-May-2026 11:58:25 Europe/Berlin] PHP Warning:  Undefined variable $email in C:\xampp\htdocs\perpustakaan_dyzen\auth\login.php on line 12
[07-May-2026 11:58:25 Europe/Berlin] [SECURITY] Login failed {"email":null,"reason":"wrong password"}
[2026-05-07 12:04:28] [User: guest] [IP: ::1] ERROR: Error 2: Undefined variable $email in C:\xampp\htdocs\perpustakaan_dyzen\auth\login.php on line 6
[07-May-2026 12:04:28 Europe/Berlin] PHP Warning:  Undefined variable $email in C:\xampp\htdocs\perpustakaan_dyzen\auth\login.php on line 6
[2026-05-07 12:04:28] [User: guest] [IP: ::1] ERROR: Error 2: Undefined variable $login_success in C:\xampp\htdocs\perpustakaan_dyzen\auth\login.php on line 8
[07-May-2026 12:04:28 Europe/Berlin] PHP Warning:  Undefined variable $login_success in C:\xampp\htdocs\perpustakaan_dyzen\auth\login.php on line 8
[2026-05-07 12:04:28] [User: guest] [IP: ::1] ERROR: Error 2: Undefined variable $email in C:\xampp\htdocs\perpustakaan_dyzen\auth\login.php on line 12
[07-May-2026 12:04:28 Europe/Berlin] PHP Warning:  Undefined variable $email in C:\xampp\htdocs\perpustakaan_dyzen\auth\login.php on line 12
[07-May-2026 12:04:28 Europe/Berlin] [SECURITY] Login failed {"email":null,"reason":"wrong password"}
[2026-05-07 12:04:41] [User: guest] [IP: ::1] ERROR: Error 2: Undefined variable $email in C:\xampp\htdocs\perpustakaan_dyzen\auth\login.php on line 6
[07-May-2026 12:04:41 Europe/Berlin] PHP Warning:  Undefined variable $email in C:\xampp\htdocs\perpustakaan_dyzen\auth\login.php on line 6
[2026-05-07 12:04:41] [User: guest] [IP: ::1] ERROR: Error 2: Undefined variable $login_success in C:\xampp\htdocs\perpustakaan_dyzen\auth\login.php on line 8
[07-May-2026 12:04:41 Europe/Berlin] PHP Warning:  Undefined variable $login_success in C:\xampp\htdocs\perpustakaan_dyzen\auth\login.php on line 8
[2026-05-07 12:04:41] [User: guest] [IP: ::1] ERROR: Error 2: Undefined variable $email in C:\xampp\htdocs\perpustakaan_dyzen\auth\login.php on line 12
[07-May-2026 12:04:41 Europe/Berlin] PHP Warning:  Undefined variable $email in C:\xampp\htdocs\perpustakaan_dyzen\auth\login.php on line 12
[07-May-2026 12:04:41 Europe/Berlin] [SECURITY] Login failed {"email":null,"reason":"wrong password"}
[07-May-2026 12:04:41 Europe/Berlin] PHP Fatal error:  Uncaught PDOException: SQLSTATE[42000]: Syntax error or access violation: 1235 This version of MariaDB doesn't yet support 'LIMIT & IN/ALL/ANY/SOME subquery' in C:\xampp\htdocs\perpustakaan_dyzen\page\user\index_user.php:53
Stack trace:
#0 C:\xampp\htdocs\perpustakaan_dyzen\page\user\index_user.php(53): PDO->prepare('\r\n    SELECT DI...')
#1 {main}
  thrown in C:\xampp\htdocs\perpustakaan_dyzen\page\user\index_user.php on line 53
[2026-05-07 12:05:53] [User: guest] [IP: ::1] ERROR: Error 2: Undefined variable $email in C:\xampp\htdocs\perpustakaan_dyzen\auth\login.php on line 6
[07-May-2026 12:05:53 Europe/Berlin] PHP Warning:  Undefined variable $email in C:\xampp\htdocs\perpustakaan_dyzen\auth\login.php on line 6
[2026-05-07 12:05:53] [User: guest] [IP: ::1] ERROR: Error 2: Undefined variable $login_success in C:\xampp\htdocs\perpustakaan_dyzen\auth\login.php on line 8
[07-May-2026 12:05:53 Europe/Berlin] PHP Warning:  Undefined variable $login_success in C:\xampp\htdocs\perpustakaan_dyzen\auth\login.php on line 8
[2026-05-07 12:05:53] [User: guest] [IP: ::1] ERROR: Error 2: Undefined variable $email in C:\xampp\htdocs\perpustakaan_dyzen\auth\login.php on line 12
[07-May-2026 12:05:53 Europe/Berlin] PHP Warning:  Undefined variable $email in C:\xampp\htdocs\perpustakaan_dyzen\auth\login.php on line 12
[07-May-2026 12:05:53 Europe/Berlin] [SECURITY] Login failed {"email":null,"reason":"wrong password"}
[2026-05-07 12:06:10] [User: guest] [IP: ::1] ERROR: Error 2: Undefined variable $email in C:\xampp\htdocs\perpustakaan_dyzen\auth\login.php on line 6
[07-May-2026 12:06:10 Europe/Berlin] PHP Warning:  Undefined variable $email in C:\xampp\htdocs\perpustakaan_dyzen\auth\login.php on line 6
[2026-05-07 12:06:10] [User: guest] [IP: ::1] ERROR: Error 2: Undefined variable $login_success in C:\xampp\htdocs\perpustakaan_dyzen\auth\login.php on line 8
[07-May-2026 12:06:10 Europe/Berlin] PHP Warning:  Undefined variable $login_success in C:\xampp\htdocs\perpustakaan_dyzen\auth\login.php on line 8
[2026-05-07 12:06:10] [User: guest] [IP: ::1] ERROR: Error 2: Undefined variable $email in C:\xampp\htdocs\perpustakaan_dyzen\auth\login.php on line 12
[07-May-2026 12:06:10 Europe/Berlin] PHP Warning:  Undefined variable $email in C:\xampp\htdocs\perpustakaan_dyzen\auth\login.php on line 12
[07-May-2026 12:06:10 Europe/Berlin] [SECURITY] Login failed {"email":null,"reason":"wrong password"}
[07-May-2026 12:06:10 Europe/Berlin] PHP Fatal error:  Uncaught PDOException: SQLSTATE[42000]: Syntax error or access violation: 1235 This version of MariaDB doesn't yet support 'LIMIT & IN/ALL/ANY/SOME subquery' in C:\xampp\htdocs\perpustakaan_dyzen\page\user\index_user.php:53
Stack trace:
#0 C:\xampp\htdocs\perpustakaan_dyzen\page\user\index_user.php(53): PDO->prepare('\r\n    SELECT DI...')
#1 {main}
  thrown in C:\xampp\htdocs\perpustakaan_dyzen\page\user\index_user.php on line 53
[2026-05-07 12:12:02] [User: 5] [IP: ::1] ERROR: Error 2: Undefined variable $email in C:\xampp\htdocs\perpustakaan_dyzen\auth\login.php on line 6
[07-May-2026 12:12:02 Europe/Berlin] PHP Warning:  Undefined variable $email in C:\xampp\htdocs\perpustakaan_dyzen\auth\login.php on line 6
[2026-05-07 12:12:02] [User: 5] [IP: ::1] ERROR: Error 2: Undefined variable $login_success in C:\xampp\htdocs\perpustakaan_dyzen\auth\login.php on line 8
[07-May-2026 12:12:02 Europe/Berlin] PHP Warning:  Undefined variable $login_success in C:\xampp\htdocs\perpustakaan_dyzen\auth\login.php on line 8
[2026-05-07 12:12:02] [User: 5] [IP: ::1] ERROR: Error 2: Undefined variable $email in C:\xampp\htdocs\perpustakaan_dyzen\auth\login.php on line 12
[07-May-2026 12:12:02 Europe/Berlin] PHP Warning:  Undefined variable $email in C:\xampp\htdocs\perpustakaan_dyzen\auth\login.php on line 12
[07-May-2026 12:12:02 Europe/Berlin] [SECURITY] Login failed {"email":null,"reason":"wrong password"}
[07-May-2026 12:12:02 Europe/Berlin] PHP Fatal error:  Uncaught PDOException: SQLSTATE[42000]: Syntax error or access violation: 1235 This version of MariaDB doesn't yet support 'LIMIT & IN/ALL/ANY/SOME subquery' in C:\xampp\htdocs\perpustakaan_dyzen\page\user\index_user.php:90
Stack trace:
#0 C:\xampp\htdocs\perpustakaan_dyzen\page\user\index_user.php(90): PDO->prepare('\r\n    SELECT DI...')
#1 {main}
  thrown in C:\xampp\htdocs\perpustakaan_dyzen\page\user\index_user.php on line 90
[07-May-2026 12:12:04 Europe/Berlin] PHP Fatal error:  Uncaught PDOException: SQLSTATE[42000]: Syntax error or access violation: 1235 This version of MariaDB doesn't yet support 'LIMIT & IN/ALL/ANY/SOME subquery' in C:\xampp\htdocs\perpustakaan_dyzen\page\user\index_user.php:90
Stack trace:
#0 C:\xampp\htdocs\perpustakaan_dyzen\page\user\index_user.php(90): PDO->prepare('\r\n    SELECT DI...')
#1 {main}
  thrown in C:\xampp\htdocs\perpustakaan_dyzen\page\user\index_user.php on line 90
[2026-05-07 12:12:10] [User: 5] [IP: ::1] ERROR: Error 2: Undefined variable $email in C:\xampp\htdocs\perpustakaan_dyzen\auth\login.php on line 6
[07-May-2026 12:12:10 Europe/Berlin] PHP Warning:  Undefined variable $email in C:\xampp\htdocs\perpustakaan_dyzen\auth\login.php on line 6
[2026-05-07 12:12:10] [User: 5] [IP: ::1] ERROR: Error 2: Undefined variable $login_success in C:\xampp\htdocs\perpustakaan_dyzen\auth\login.php on line 8
[07-May-2026 12:12:10 Europe/Berlin] PHP Warning:  Undefined variable $login_success in C:\xampp\htdocs\perpustakaan_dyzen\auth\login.php on line 8
[2026-05-07 12:12:10] [User: 5] [IP: ::1] ERROR: Error 2: Undefined variable $email in C:\xampp\htdocs\perpustakaan_dyzen\auth\login.php on line 12
[07-May-2026 12:12:10 Europe/Berlin] PHP Warning:  Undefined variable $email in C:\xampp\htdocs\perpustakaan_dyzen\auth\login.php on line 12
[07-May-2026 12:12:10 Europe/Berlin] [SECURITY] Login failed {"email":null,"reason":"wrong password"}
[07-May-2026 12:12:10 Europe/Berlin] PHP Fatal error:  Uncaught PDOException: SQLSTATE[42000]: Syntax error or access violation: 1235 This version of MariaDB doesn't yet support 'LIMIT & IN/ALL/ANY/SOME subquery' in C:\xampp\htdocs\perpustakaan_dyzen\page\user\index_user.php:90
Stack trace:
#0 C:\xampp\htdocs\perpustakaan_dyzen\page\user\index_user.php(90): PDO->prepare('\r\n    SELECT DI...')
#1 {main}
  thrown in C:\xampp\htdocs\perpustakaan_dyzen\page\user\index_user.php on line 90
[2026-05-07 12:12:16] [User: guest] [IP: ::1] ERROR: Error 2: Undefined variable $email in C:\xampp\htdocs\perpustakaan_dyzen\auth\login.php on line 6
[07-May-2026 12:12:16 Europe/Berlin] PHP Warning:  Undefined variable $email in C:\xampp\htdocs\perpustakaan_dyzen\auth\login.php on line 6
[2026-05-07 12:12:16] [User: guest] [IP: ::1] ERROR: Error 2: Undefined variable $login_success in C:\xampp\htdocs\perpustakaan_dyzen\auth\login.php on line 8
[07-May-2026 12:12:16 Europe/Berlin] PHP Warning:  Undefined variable $login_success in C:\xampp\htdocs\perpustakaan_dyzen\auth\login.php on line 8
[2026-05-07 12:12:16] [User: guest] [IP: ::1] ERROR: Error 2: Undefined variable $email in C:\xampp\htdocs\perpustakaan_dyzen\auth\login.php on line 12
[07-May-2026 12:12:16 Europe/Berlin] PHP Warning:  Undefined variable $email in C:\xampp\htdocs\perpustakaan_dyzen\auth\login.php on line 12
[07-May-2026 12:12:16 Europe/Berlin] [SECURITY] Login failed {"email":null,"reason":"wrong password"}
[2026-05-07 12:12:29] [User: guest] [IP: ::1] ERROR: Error 2: Undefined variable $email in C:\xampp\htdocs\perpustakaan_dyzen\auth\login.php on line 6
[07-May-2026 12:12:29 Europe/Berlin] PHP Warning:  Undefined variable $email in C:\xampp\htdocs\perpustakaan_dyzen\auth\login.php on line 6
[2026-05-07 12:12:29] [User: guest] [IP: ::1] ERROR: Error 2: Undefined variable $login_success in C:\xampp\htdocs\perpustakaan_dyzen\auth\login.php on line 8
[07-May-2026 12:12:29 Europe/Berlin] PHP Warning:  Undefined variable $login_success in C:\xampp\htdocs\perpustakaan_dyzen\auth\login.php on line 8
[2026-05-07 12:12:29] [User: guest] [IP: ::1] ERROR: Error 2: Undefined variable $email in C:\xampp\htdocs\perpustakaan_dyzen\auth\login.php on line 12
[07-May-2026 12:12:29 Europe/Berlin] PHP Warning:  Undefined variable $email in C:\xampp\htdocs\perpustakaan_dyzen\auth\login.php on line 12
[07-May-2026 12:12:29 Europe/Berlin] [SECURITY] Login failed {"email":null,"reason":"wrong password"}
[07-May-2026 12:12:29 Europe/Berlin] PHP Fatal error:  Uncaught PDOException: SQLSTATE[42000]: Syntax error or access violation: 1235 This version of MariaDB doesn't yet support 'LIMIT & IN/ALL/ANY/SOME subquery' in C:\xampp\htdocs\perpustakaan_dyzen\page\user\index_user.php:90
Stack trace:
#0 C:\xampp\htdocs\perpustakaan_dyzen\page\user\index_user.php(90): PDO->prepare('\r\n    SELECT DI...')
#1 {main}
  thrown in C:\xampp\htdocs\perpustakaan_dyzen\page\user\index_user.php on line 90
[2026-05-07 12:12:31] [User: guest] [IP: ::1] ERROR: Error 2: Undefined variable $email in C:\xampp\htdocs\perpustakaan_dyzen\auth\login.php on line 6
[07-May-2026 12:12:31 Europe/Berlin] PHP Warning:  Undefined variable $email in C:\xampp\htdocs\perpustakaan_dyzen\auth\login.php on line 6
[2026-05-07 12:12:31] [User: guest] [IP: ::1] ERROR: Error 2: Undefined variable $login_success in C:\xampp\htdocs\perpustakaan_dyzen\auth\login.php on line 8
[07-May-2026 12:12:31 Europe/Berlin] PHP Warning:  Undefined variable $login_success in C:\xampp\htdocs\perpustakaan_dyzen\auth\login.php on line 8
[2026-05-07 12:12:31] [User: guest] [IP: ::1] ERROR: Error 2: Undefined variable $email in C:\xampp\htdocs\perpustakaan_dyzen\auth\login.php on line 12
[07-May-2026 12:12:31 Europe/Berlin] PHP Warning:  Undefined variable $email in C:\xampp\htdocs\perpustakaan_dyzen\auth\login.php on line 12
[07-May-2026 12:12:31 Europe/Berlin] [SECURITY] Login failed {"email":null,"reason":"wrong password"}
[2026-05-07 12:12:38] [User: guest] [IP: ::1] ERROR: Error 2: Undefined variable $email in C:\xampp\htdocs\perpustakaan_dyzen\auth\login.php on line 6
[07-May-2026 12:12:38 Europe/Berlin] PHP Warning:  Undefined variable $email in C:\xampp\htdocs\perpustakaan_dyzen\auth\login.php on line 6
[2026-05-07 12:12:38] [User: guest] [IP: ::1] ERROR: Error 2: Undefined variable $login_success in C:\xampp\htdocs\perpustakaan_dyzen\auth\login.php on line 8
[07-May-2026 12:12:38 Europe/Berlin] PHP Warning:  Undefined variable $login_success in C:\xampp\htdocs\perpustakaan_dyzen\auth\login.php on line 8
[2026-05-07 12:12:38] [User: guest] [IP: ::1] ERROR: Error 2: Undefined variable $email in C:\xampp\htdocs\perpustakaan_dyzen\auth\login.php on line 12
[07-May-2026 12:12:38 Europe/Berlin] PHP Warning:  Undefined variable $email in C:\xampp\htdocs\perpustakaan_dyzen\auth\login.php on line 12
[07-May-2026 12:12:38 Europe/Berlin] [SECURITY] Login failed {"email":null,"reason":"wrong password"}
[2026-05-07 12:12:40] [User: guest] [IP: ::1] ERROR: Error 2: Undefined variable $email in C:\xampp\htdocs\perpustakaan_dyzen\auth\login.php on line 6
[07-May-2026 12:12:40 Europe/Berlin] PHP Warning:  Undefined variable $email in C:\xampp\htdocs\perpustakaan_dyzen\auth\login.php on line 6
[2026-05-07 12:12:40] [User: guest] [IP: ::1] ERROR: Error 2: Undefined variable $login_success in C:\xampp\htdocs\perpustakaan_dyzen\auth\login.php on line 8
[07-May-2026 12:12:40 Europe/Berlin] PHP Warning:  Undefined variable $login_success in C:\xampp\htdocs\perpustakaan_dyzen\auth\login.php on line 8
[2026-05-07 12:12:40] [User: guest] [IP: ::1] ERROR: Error 2: Undefined variable $email in C:\xampp\htdocs\perpustakaan_dyzen\auth\login.php on line 12
[07-May-2026 12:12:40 Europe/Berlin] PHP Warning:  Undefined variable $email in C:\xampp\htdocs\perpustakaan_dyzen\auth\login.php on line 12
[07-May-2026 12:12:40 Europe/Berlin] [SECURITY] Login failed {"email":null,"reason":"wrong password"}
[2026-05-07 12:12:54] [User: guest] [IP: ::1] ERROR: Error 2: Undefined variable $email in C:\xampp\htdocs\perpustakaan_dyzen\auth\login.php on line 6
[07-May-2026 12:12:54 Europe/Berlin] PHP Warning:  Undefined variable $email in C:\xampp\htdocs\perpustakaan_dyzen\auth\login.php on line 6
[2026-05-07 12:12:54] [User: guest] [IP: ::1] ERROR: Error 2: Undefined variable $login_success in C:\xampp\htdocs\perpustakaan_dyzen\auth\login.php on line 8
[07-May-2026 12:12:54 Europe/Berlin] PHP Warning:  Undefined variable $login_success in C:\xampp\htdocs\perpustakaan_dyzen\auth\login.php on line 8
[2026-05-07 12:12:54] [User: guest] [IP: ::1] ERROR: Error 2: Undefined variable $email in C:\xampp\htdocs\perpustakaan_dyzen\auth\login.php on line 12
[07-May-2026 12:12:54 Europe/Berlin] PHP Warning:  Undefined variable $email in C:\xampp\htdocs\perpustakaan_dyzen\auth\login.php on line 12
[07-May-2026 12:12:54 Europe/Berlin] [SECURITY] Login failed {"email":null,"reason":"wrong password"}
[07-May-2026 12:12:54 Europe/Berlin] PHP Fatal error:  Uncaught PDOException: SQLSTATE[42000]: Syntax error or access violation: 1235 This version of MariaDB doesn't yet support 'LIMIT & IN/ALL/ANY/SOME subquery' in C:\xampp\htdocs\perpustakaan_dyzen\page\user\index_user.php:90
Stack trace:
#0 C:\xampp\htdocs\perpustakaan_dyzen\page\user\index_user.php(90): PDO->prepare('\r\n    SELECT DI...')
#1 {main}
  thrown in C:\xampp\htdocs\perpustakaan_dyzen\page\user\index_user.php on line 90
[2026-05-07 12:16:02] [User: 5] [IP: ::1] ERROR: Error 2: Undefined variable $email in C:\xampp\htdocs\perpustakaan_dyzen\auth\login.php on line 6
[07-May-2026 12:16:02 Europe/Berlin] PHP Warning:  Undefined variable $email in C:\xampp\htdocs\perpustakaan_dyzen\auth\login.php on line 6
[2026-05-07 12:16:02] [User: 5] [IP: ::1] ERROR: Error 2: Undefined variable $login_success in C:\xampp\htdocs\perpustakaan_dyzen\auth\login.php on line 8
[07-May-2026 12:16:02 Europe/Berlin] PHP Warning:  Undefined variable $login_success in C:\xampp\htdocs\perpustakaan_dyzen\auth\login.php on line 8
[2026-05-07 12:16:02] [User: 5] [IP: ::1] ERROR: Error 2: Undefined variable $email in C:\xampp\htdocs\perpustakaan_dyzen\auth\login.php on line 12
[07-May-2026 12:16:02 Europe/Berlin] PHP Warning:  Undefined variable $email in C:\xampp\htdocs\perpustakaan_dyzen\auth\login.php on line 12
[07-May-2026 12:16:02 Europe/Berlin] [SECURITY] Login failed {"email":null,"reason":"wrong password"}
[07-May-2026 12:16:02 Europe/Berlin] PHP Fatal error:  Uncaught PDOException: SQLSTATE[42000]: Syntax error or access violation: 1235 This version of MariaDB doesn't yet support 'LIMIT & IN/ALL/ANY/SOME subquery' in C:\xampp\htdocs\perpustakaan_dyzen\page\user\index_user.php:90
Stack trace:
#0 C:\xampp\htdocs\perpustakaan_dyzen\page\user\index_user.php(90): PDO->prepare('\r\n    SELECT DI...')
#1 {main}
  thrown in C:\xampp\htdocs\perpustakaan_dyzen\page\user\index_user.php on line 90
[2026-05-07 12:16:03] [User: 5] [IP: ::1] ERROR: Error 2: Undefined variable $email in C:\xampp\htdocs\perpustakaan_dyzen\auth\login.php on line 6
[07-May-2026 12:16:03 Europe/Berlin] PHP Warning:  Undefined variable $email in C:\xampp\htdocs\perpustakaan_dyzen\auth\login.php on line 6
[2026-05-07 12:16:03] [User: 5] [IP: ::1] ERROR: Error 2: Undefined variable $login_success in C:\xampp\htdocs\perpustakaan_dyzen\auth\login.php on line 8
[07-May-2026 12:16:03 Europe/Berlin] PHP Warning:  Undefined variable $login_success in C:\xampp\htdocs\perpustakaan_dyzen\auth\login.php on line 8
[2026-05-07 12:16:03] [User: 5] [IP: ::1] ERROR: Error 2: Undefined variable $email in C:\xampp\htdocs\perpustakaan_dyzen\auth\login.php on line 12
[07-May-2026 12:16:03 Europe/Berlin] PHP Warning:  Undefined variable $email in C:\xampp\htdocs\perpustakaan_dyzen\auth\login.php on line 12
[07-May-2026 12:16:03 Europe/Berlin] [SECURITY] Login failed {"email":null,"reason":"wrong password"}
[07-May-2026 12:16:03 Europe/Berlin] PHP Fatal error:  Uncaught PDOException: SQLSTATE[42000]: Syntax error or access violation: 1235 This version of MariaDB doesn't yet support 'LIMIT & IN/ALL/ANY/SOME subquery' in C:\xampp\htdocs\perpustakaan_dyzen\page\user\index_user.php:90
Stack trace:
#0 C:\xampp\htdocs\perpustakaan_dyzen\page\user\index_user.php(90): PDO->prepare('\r\n    SELECT DI...')
#1 {main}
  thrown in C:\xampp\htdocs\perpustakaan_dyzen\page\user\index_user.php on line 90
[2026-05-07 12:16:04] [User: 5] [IP: ::1] ERROR: Error 2: Undefined variable $email in C:\xampp\htdocs\perpustakaan_dyzen\auth\login.php on line 6
[07-May-2026 12:16:04 Europe/Berlin] PHP Warning:  Undefined variable $email in C:\xampp\htdocs\perpustakaan_dyzen\auth\login.php on line 6
[2026-05-07 12:16:04] [User: 5] [IP: ::1] ERROR: Error 2: Undefined variable $login_success in C:\xampp\htdocs\perpustakaan_dyzen\auth\login.php on line 8
[07-May-2026 12:16:04 Europe/Berlin] PHP Warning:  Undefined variable $login_success in C:\xampp\htdocs\perpustakaan_dyzen\auth\login.php on line 8
[2026-05-07 12:16:04] [User: 5] [IP: ::1] ERROR: Error 2: Undefined variable $email in C:\xampp\htdocs\perpustakaan_dyzen\auth\login.php on line 12
[07-May-2026 12:16:04 Europe/Berlin] PHP Warning:  Undefined variable $email in C:\xampp\htdocs\perpustakaan_dyzen\auth\login.php on line 12
[07-May-2026 12:16:04 Europe/Berlin] [SECURITY] Login failed {"email":null,"reason":"wrong password"}
[07-May-2026 12:16:04 Europe/Berlin] PHP Fatal error:  Uncaught PDOException: SQLSTATE[42000]: Syntax error or access violation: 1235 This version of MariaDB doesn't yet support 'LIMIT & IN/ALL/ANY/SOME subquery' in C:\xampp\htdocs\perpustakaan_dyzen\page\user\index_user.php:90
Stack trace:
#0 C:\xampp\htdocs\perpustakaan_dyzen\page\user\index_user.php(90): PDO->prepare('\r\n    SELECT DI...')
#1 {main}
  thrown in C:\xampp\htdocs\perpustakaan_dyzen\page\user\index_user.php on line 90
[2026-05-07 12:19:45] [User: guest] [IP: ::1] ERROR: Error 2: Undefined variable $email in C:\xampp\htdocs\perpustakaan_dyzen\auth\login.php on line 6
[07-May-2026 12:19:45 Europe/Berlin] PHP Warning:  Undefined variable $email in C:\xampp\htdocs\perpustakaan_dyzen\auth\login.php on line 6
[2026-05-07 12:19:45] [User: guest] [IP: ::1] ERROR: Error 2: Undefined variable $login_success in C:\xampp\htdocs\perpustakaan_dyzen\auth\login.php on line 8
[07-May-2026 12:19:45 Europe/Berlin] PHP Warning:  Undefined variable $login_success in C:\xampp\htdocs\perpustakaan_dyzen\auth\login.php on line 8
[2026-05-07 12:19:45] [User: guest] [IP: ::1] ERROR: Error 2: Undefined variable $email in C:\xampp\htdocs\perpustakaan_dyzen\auth\login.php on line 12
[07-May-2026 12:19:45 Europe/Berlin] PHP Warning:  Undefined variable $email in C:\xampp\htdocs\perpustakaan_dyzen\auth\login.php on line 12
[07-May-2026 12:19:45 Europe/Berlin] [SECURITY] Login failed {"email":null,"reason":"wrong password"}
[2026-05-07 12:20:08] [User: guest] [IP: ::1] ERROR: Error 2: Undefined variable $email in C:\xampp\htdocs\perpustakaan_dyzen\auth\login.php on line 6
[07-May-2026 12:20:08 Europe/Berlin] PHP Warning:  Undefined variable $email in C:\xampp\htdocs\perpustakaan_dyzen\auth\login.php on line 6
[2026-05-07 12:20:08] [User: guest] [IP: ::1] ERROR: Error 2: Undefined variable $login_success in C:\xampp\htdocs\perpustakaan_dyzen\auth\login.php on line 8
[07-May-2026 12:20:08 Europe/Berlin] PHP Warning:  Undefined variable $login_success in C:\xampp\htdocs\perpustakaan_dyzen\auth\login.php on line 8
[2026-05-07 12:20:08] [User: guest] [IP: ::1] ERROR: Error 2: Undefined variable $email in C:\xampp\htdocs\perpustakaan_dyzen\auth\login.php on line 12
[07-May-2026 12:20:08 Europe/Berlin] PHP Warning:  Undefined variable $email in C:\xampp\htdocs\perpustakaan_dyzen\auth\login.php on line 12
[07-May-2026 12:20:08 Europe/Berlin] [SECURITY] Login failed {"email":null,"reason":"wrong password"}
[2026-05-07 12:21:25] [User: guest] [IP: ::1] ERROR: Error 2: Undefined variable $email in C:\xampp\htdocs\perpustakaan_dyzen\auth\login.php on line 6
[07-May-2026 12:21:25 Europe/Berlin] PHP Warning:  Undefined variable $email in C:\xampp\htdocs\perpustakaan_dyzen\auth\login.php on line 6
[2026-05-07 12:21:25] [User: guest] [IP: ::1] ERROR: Error 2: Undefined variable $login_success in C:\xampp\htdocs\perpustakaan_dyzen\auth\login.php on line 8
[07-May-2026 12:21:25 Europe/Berlin] PHP Warning:  Undefined variable $login_success in C:\xampp\htdocs\perpustakaan_dyzen\auth\login.php on line 8
[2026-05-07 12:21:25] [User: guest] [IP: ::1] ERROR: Error 2: Undefined variable $email in C:\xampp\htdocs\perpustakaan_dyzen\auth\login.php on line 12
[07-May-2026 12:21:25 Europe/Berlin] PHP Warning:  Undefined variable $email in C:\xampp\htdocs\perpustakaan_dyzen\auth\login.php on line 12
[07-May-2026 12:21:25 Europe/Berlin] [SECURITY] Login failed {"email":null,"reason":"wrong password"}
[2026-05-07 12:21:37] [User: guest] [IP: ::1] ERROR: Error 2: Undefined variable $email in C:\xampp\htdocs\perpustakaan_dyzen\auth\login.php on line 6
[07-May-2026 12:21:37 Europe/Berlin] PHP Warning:  Undefined variable $email in C:\xampp\htdocs\perpustakaan_dyzen\auth\login.php on line 6
[2026-05-07 12:21:37] [User: guest] [IP: ::1] ERROR: Error 2: Undefined variable $login_success in C:\xampp\htdocs\perpustakaan_dyzen\auth\login.php on line 8
[07-May-2026 12:21:37 Europe/Berlin] PHP Warning:  Undefined variable $login_success in C:\xampp\htdocs\perpustakaan_dyzen\auth\login.php on line 8
[2026-05-07 12:21:37] [User: guest] [IP: ::1] ERROR: Error 2: Undefined variable $email in C:\xampp\htdocs\perpustakaan_dyzen\auth\login.php on line 12
[07-May-2026 12:21:37 Europe/Berlin] PHP Warning:  Undefined variable $email in C:\xampp\htdocs\perpustakaan_dyzen\auth\login.php on line 12
[07-May-2026 12:21:37 Europe/Berlin] [SECURITY] Login failed {"email":null,"reason":"wrong password"}
[2026-05-07 12:21:46] [User: 1] [IP: ::1] ERROR: Error 2: Undefined variable $stmt in C:\xampp\htdocs\perpustakaan_dyzen\page\admin\tambah_buku.php on line 5
[07-May-2026 12:21:46 Europe/Berlin] PHP Warning:  Undefined variable $stmt in C:\xampp\htdocs\perpustakaan_dyzen\page\admin\tambah_buku.php on line 5
[2026-05-07 12:21:46] [User: 1] [IP: ::1] ERROR: Uncaught Exception: Call to a member function execute() on null in C:\xampp\htdocs\perpustakaan_dyzen\page\admin\tambah_buku.php on line 5
[07-May-2026 12:25:18 Europe/Berlin] PHP Fatal error:  Uncaught Error: Class "Logger" not found in C:\xampp\htdocs\perpustakaan_dyzen\page\admin\logs_archive.php:6
Stack trace:
#0 {main}
  thrown in C:\xampp\htdocs\perpustakaan_dyzen\page\admin\logs_archive.php on line 6
[2026-05-07 12:34:25] [User: guest] [IP: ::1] ERROR: Error 2: Undefined variable $email in C:\xampp\htdocs\perpustakaan_dyzen\auth\login.php on line 6
[07-May-2026 12:34:25 Europe/Berlin] PHP Warning:  Undefined variable $email in C:\xampp\htdocs\perpustakaan_dyzen\auth\login.php on line 6
[2026-05-07 12:34:25] [User: guest] [IP: ::1] ERROR: Error 2: Undefined variable $login_success in C:\xampp\htdocs\perpustakaan_dyzen\auth\login.php on line 8
[07-May-2026 12:34:25 Europe/Berlin] PHP Warning:  Undefined variable $login_success in C:\xampp\htdocs\perpustakaan_dyzen\auth\login.php on line 8
[2026-05-07 12:34:25] [User: guest] [IP: ::1] ERROR: Error 2: Undefined variable $email in C:\xampp\htdocs\perpustakaan_dyzen\auth\login.php on line 12
[07-May-2026 12:34:25 Europe/Berlin] PHP Warning:  Undefined variable $email in C:\xampp\htdocs\perpustakaan_dyzen\auth\login.php on line 12
[07-May-2026 12:34:25 Europe/Berlin] [SECURITY] Login failed {"email":null,"reason":"wrong password"}
[07-May-2026 13:52:08 Europe/Berlin] POST data received: Array
(
    [csrf_token] => 1ba7d7d326d058c84c2ab73135b0a425597d008160145f8159be8e3ca908b9af
    [nama] => admin-ganteng
    [email] => admin@dyzen.com
    [current_password] => 
    [new_password] => 
    [confirm_password] => 
)

[07-May-2026 13:52:08 Europe/Berlin] FILES data: Array
(
    [foto] => Array
        (
            [name] => gg.jpeg
            [type] => image/jpeg
            [tmp_name] => C:\xampp\tmp\php9AE5.tmp
            [error] => 0
            [size] => 92357
        )

)

[07-May-2026 13:52:08 Europe/Berlin] Processing file upload...
[07-May-2026 13:52:08 Europe/Berlin] File info: Array
(
    [name] => gg.jpeg
    [type] => image/jpeg
    [tmp_name] => C:\xampp\tmp\php9AE5.tmp
    [error] => 0
    [size] => 92357
)

[07-May-2026 13:52:08 Europe/Berlin] Upload result: Array
(
    [success] => 1
    [filename] => 02336bb67d1e14f1a3da7a0486107f1d.jpeg
)

[07-May-2026 13:52:20 Europe/Berlin] POST data received: Array
(
    [csrf_token] => 1ba7d7d326d058c84c2ab73135b0a425597d008160145f8159be8e3ca908b9af
    [nama] => admin-ganteng
    [email] => admin@dyzen.com
    [remove_foto] => 1
    [current_password] => 
    [new_password] => 
    [confirm_password] => 
)

[07-May-2026 13:52:20 Europe/Berlin] FILES data: Array
(
    [foto] => Array
        (
            [name] => download.jpg
            [type] => image/jpeg
            [tmp_name] => C:\xampp\tmp\phpC765.tmp
            [error] => 0
            [size] => 14297
        )

)

[07-May-2026 13:52:20 Europe/Berlin] Processing file upload...
[07-May-2026 13:52:20 Europe/Berlin] File info: Array
(
    [name] => download.jpg
    [type] => image/jpeg
    [tmp_name] => C:\xampp\tmp\phpC765.tmp
    [error] => 0
    [size] => 14297
)

[07-May-2026 13:52:20 Europe/Berlin] Upload result: Array
(
    [success] => 1
    [filename] => 5939fdffd5829aaef7a37eb3e8bbd72f.jpg
)

[07-May-2026 15:06:26 Europe/Berlin] Banned user called - ID: 5, Action: 
[07-May-2026 15:06:29 Europe/Berlin] Banned user called - ID: 4, Action: 
[07-May-2026 15:06:30 Europe/Berlin] Banned user called - ID: 4, Action: 
[07-May-2026 15:06:31 Europe/Berlin] Banned user called - ID: 4, Action: 
[07-May-2026 15:08:10 Europe/Berlin] Banned user called - ID: 5, Action: 
[07-May-2026 15:08:15 Europe/Berlin] Banned user called - ID: 5, Action: 
[07-May-2026 15:08:15 Europe/Berlin] Banned user called - ID: 5, Action: 
[07-May-2026 15:13:01 Europe/Berlin] Banned user called - ID: 5, Action: 
[07-May-2026 15:14:19 Europe/Berlin] [SECURITY] Login failed - account banned {"user_id":4,"email":"knz@dyzen.com"}
[07-May-2026 16:10:02 Europe/Berlin] POST data received: Array
(
    [csrf_token] => 66ec9562379687b865a27376c51cd14f3067c63926370f55f1fec6908a1cfeec
    [nama] => Kenzie Fausi
    [nisn] => 
    [kelas] => X RPL 1
    [email] => maskengg94@gmail.com
    [current_password] => 
    [new_password] => 
    [confirm_password] => 
)

[07-May-2026 16:10:02 Europe/Berlin] FILES data: Array
(
    [foto] => Array
        (
            [name] => WIN_20260430_23_47_13_Pro.jpg
            [type] => image/jpeg
            [tmp_name] => C:\xampp\tmp\phpDA3A.tmp
            [error] => 0
            [size] => 406086
        )

)

[07-May-2026 16:10:24 Europe/Berlin] POST data received: Array
(
    [csrf_token] => 66ec9562379687b865a27376c51cd14f3067c63926370f55f1fec6908a1cfeec
    [nama] => Kenzie Fausi
    [nisn] => 
    [kelas] => X RPL 1
    [email] => maskengg94@gmail.com
    [current_password] => 
    [new_password] => 
    [confirm_password] => 
)

[07-May-2026 16:10:24 Europe/Berlin] FILES data: Array
(
    [foto] => Array
        (
            [name] => WIN_20260428_07_30_38_Pro.jpg
            [type] => image/jpeg
            [tmp_name] => C:\xampp\tmp\php2EA4.tmp
            [error] => 0
            [size] => 405180
        )

)

[07-May-2026 16:11:53 Europe/Berlin] POST data received: Array
(
    [csrf_token] => ee4f5017bab33d1be48914becee5c987ffaccb0add3b67e46767063156440ebc
    [nama] => Kenzie Radhika
    [nisn] => 121212
    [kelas] => X RPL 1
    [email] => knz@dyzen.com
    [current_password] => 
    [new_password] => 
    [confirm_password] => 
)

[07-May-2026 16:11:53 Europe/Berlin] FILES data: Array
(
    [foto] => Array
        (
            [name] => WIN_20260430_23_47_13_Pro.jpg
            [type] => image/jpeg
            [tmp_name] => C:\xampp\tmp\php8ACA.tmp
            [error] => 0
            [size] => 406086
        )

)

[07-May-2026 16:11:53 Europe/Berlin] Processing file upload...
[07-May-2026 16:11:53 Europe/Berlin] Upload result: Array
(
    [success] => 1
    [filename] => 132236daad7efd67d05d1328d4a262d7.jpg
)

[2026-05-07 16:35:11] [User: 1] [IP: ::1] ERROR: Uncaught Exception: htmlspecialchars(): Argument #1 ($string) must be of type string, array given in C:\xampp\htdocs\perpustakaan_dyzen\config\data_base.php on line 228
[12-May-2026 04:07:33 Europe/Berlin] [SECURITY] Login failed {"email":"maskengg94@gmail.com","reason":"wrong password","ip":"::1"}
[12-May-2026 04:07:40 Europe/Berlin] [SECURITY] Login failed {"email":"maskengg94@gmail.com","reason":"wrong password","ip":"::1"}
[12-May-2026 04:16:58 Europe/Berlin] [SECURITY] Login failed {"email":"admin@dyzen.com","reason":"wrong password","ip":"::1"}
[12-May-2026 04:34:00 Europe/Berlin] [SECURITY] Login failed {"email":"maskengg94@gmail.com","reason":"wrong password","ip":"::1"}
[12-May-2026 04:34:38 Europe/Berlin] [SECURITY] Login failed {"email":"knz@dyzen.com","reason":"wrong password","ip":"::1"}
[2026-05-13 07:27:19] [User: 1] [IP: ::1] ERROR: Uncaught Exception: SQLSTATE[HY000]: General error: 2006 MySQL server has gone away in C:\xampp\htdocs\perpustakaan_dyzen\auth\login.php on line 87
[13-May-2026 07:27:32 Europe/Berlin] Database Connection Error: SQLSTATE[HY000] [2002] No connection could be made because the target machine actively refused it
[14-May-2026 03:55:48 Europe/Berlin] [SECURITY] Login failed {"email":"admin@dyzen.com","reason":"wrong password","ip":"::1"}
[14-May-2026 04:31:10 Europe/Berlin] Error [2] Trying to access array offset on value of type bool in C:\xampp\htdocs\perpustakaan_dyzen\test_unban_direct.php on line 34
[14-May-2026 04:31:10 Europe/Berlin] Error [2] Trying to access array offset on value of type bool in C:\xampp\htdocs\perpustakaan_dyzen\test_unban_direct.php on line 37
