[2026-05-07 04:01:29] [User: guest] [IP: ::1] SECURITY: Login failed | {"email":null,"reason":"wrong password"}
[2026-05-07 04:19:08] [User: guest] [IP: ::1] SECURITY: Login failed | {"email":null,"reason":"wrong password"}
[2026-05-07 10:16:07] [User: guest] [IP: ::1] SECURITY: Login failed | {"email":null,"reason":"wrong password"}
[2026-05-07 10:34:47] [User: guest] [IP: ::1] SECURITY: Login failed | {"email":null,"reason":"wrong password"}
[2026-05-07 10:35:28] [User: guest] [IP: ::1] SECURITY: Login failed | {"email":null,"reason":"wrong password"}
[2026-05-07 10:35:54] [User: guest] [IP: ::1] SECURITY: Login failed | {"email":null,"reason":"wrong password"}
[2026-05-07 10:36:17] [User: guest] [IP: ::1] SECURITY: Login failed | {"email":null,"reason":"wrong password"}
[2026-05-07 10:44:12] [User: guest] [IP: ::1] SECURITY: Login failed | {"email":null,"reason":"wrong password"}
[2026-05-07 10:44:16] [User: guest] [IP: ::1] SECURITY: Login failed | {"email":null,"reason":"wrong password"}
[2026-05-07 10:45:31] [User: guest] [IP: ::1] SECURITY: Login failed | {"email":null,"reason":"wrong password"}
[2026-05-07 10:45:45] [User: guest] [IP: ::1] SECURITY: Login failed | {"email":null,"reason":"wrong password"}
[2026-05-07 10:46:02] [User: guest] [IP: ::1] SECURITY: Login failed | {"email":null,"reason":"wrong password"}
[2026-05-07 10:47:42] [User: guest] [IP: ::1] SECURITY: Login failed | {"email":null,"reason":"wrong password"}
[2026-05-07 10:49:25] [User: guest] [IP: ::1] SECURITY: Login failed | {"email":null,"reason":"wrong password"}
[2026-05-07 10:49:25] [User: guest] [IP: ::1] SECURITY: Login failed | {"email":null,"reason":"wrong password"}
[2026-05-07 10:49:43] [User: guest] [IP: ::1] SECURITY: Login failed | {"email":null,"reason":"wrong password"}
[2026-05-07 10:51:56] [User: guest] [IP: ::1] SECURITY: Login failed | {"email":null,"reason":"wrong password"}
[2026-05-07 10:53:38] [User: guest] [IP: ::1] SECURITY: Login failed | {"email":null,"reason":"wrong password"}
[2026-05-07 10:53:39] [User: guest] [IP: ::1] SECURITY: Login failed | {"email":null,"reason":"wrong password"}
[2026-05-07 10:53:42] [User: guest] [IP: ::1] SECURITY: Login failed | {"email":null,"reason":"wrong password"}
[2026-05-07 10:54:52] [User: guest] [IP: ::1] SECURITY: Login failed | {"email":null,"reason":"wrong password"}
[2026-05-07 10:54:57] [User: guest] [IP: ::1] SECURITY: Login failed | {"email":null,"reason":"wrong password"}
[2026-05-07 10:54:57] [User: guest] [IP: ::1] SECURITY: Login failed | {"email":null,"reason":"wrong password"}
[2026-05-07 10:54:58] [User: guest] [IP: ::1] SECURITY: Login failed | {"email":null,"reason":"wrong password"}
[2026-05-07 11:58:25] [User: guest] [IP: ::1] SECURITY: Login failed | {"email":null,"reason":"wrong password"}
[2026-05-07 12:04:28] [User: guest] [IP: ::1] SECURITY: Login failed | {"email":null,"reason":"wrong password"}
[2026-05-07 12:04:41] [User: guest] [IP: ::1] SECURITY: Login failed | {"email":null,"reason":"wrong password"}
[2026-05-07 12:05:53] [User: guest] [IP: ::1] SECURITY: Login failed | {"email":null,"reason":"wrong password"}
[2026-05-07 12:06:10] [User: guest] [IP: ::1] SECURITY: Login failed | {"email":null,"reason":"wrong password"}
[2026-05-07 12:12:02] [User: 5] [IP: ::1] SECURITY: Login failed | {"email":null,"reason":"wrong password"}
[2026-05-07 12:12:10] [User: 5] [IP: ::1] SECURITY: Login failed | {"email":null,"reason":"wrong password"}
[2026-05-07 12:12:16] [User: guest] [IP: ::1] SECURITY: Login failed | {"email":null,"reason":"wrong password"}
[2026-05-07 12:12:29] [User: guest] [IP: ::1] SECURITY: Login failed | {"email":null,"reason":"wrong password"}
[2026-05-07 12:12:31] [User: guest] [IP: ::1] SECURITY: Login failed | {"email":null,"reason":"wrong password"}
[2026-05-07 12:12:38] [User: guest] [IP: ::1] SECURITY: Login failed | {"email":null,"reason":"wrong password"}
[2026-05-07 12:12:40] [User: guest] [IP: ::1] SECURITY: Login failed | {"email":null,"reason":"wrong password"}
[2026-05-07 12:12:54] [User: guest] [IP: ::1] SECURITY: Login failed | {"email":null,"reason":"wrong password"}
[2026-05-07 12:16:02] [User: 5] [IP: ::1] SECURITY: Login failed | {"email":null,"reason":"wrong password"}
[2026-05-07 12:16:03] [User: 5] [IP: ::1] SECURITY: Login failed | {"email":null,"reason":"wrong password"}
[2026-05-07 12:16:04] [User: 5] [IP: ::1] SECURITY: Login failed | {"email":null,"reason":"wrong password"}
[2026-05-07 12:19:45] [User: guest] [IP: ::1] SECURITY: Login failed | {"email":null,"reason":"wrong password"}
[2026-05-07 12:20:08] [User: guest] [IP: ::1] SECURITY: Login failed | {"email":null,"reason":"wrong password"}
[2026-05-07 12:21:25] [User: guest] [IP: ::1] SECURITY: Login failed | {"email":null,"reason":"wrong password"}
[2026-05-07 12:21:37] [User: guest] [IP: ::1] SECURITY: Login failed | {"email":null,"reason":"wrong password"}
[2026-05-07 12:34:25] [User: guest] [IP: ::1] SECURITY: Login failed | {"email":null,"reason":"wrong password"}
[2026-05-07 15:14:19] [User: guest] [IP: ::1] SECURITY: Login failed - account banned | {"user_id":4,"email":"knz@dyzen.com"}
[2026-05-12 04:07:33] [User: guest] [IP: ::1] SECURITY: Login failed | {"email":"maskengg94@gmail.com","reason":"wrong password","ip":"::1"}
[2026-05-12 04:07:40] [User: guest] [IP: ::1] SECURITY: Login failed | {"email":"maskengg94@gmail.com","reason":"wrong password","ip":"::1"}
[2026-05-12 04:16:58] [User: guest] [IP: ::1] SECURITY: Login failed | {"email":"admin@dyzen.com","reason":"wrong password","ip":"::1"}
[2026-05-12 04:34:00] [User: guest] [IP: ::1] SECURITY: Login failed | {"email":"maskengg94@gmail.com","reason":"wrong password","ip":"::1"}
[2026-05-12 04:34:38] [User: guest] [IP: ::1] SECURITY: Login failed | {"email":"knz@dyzen.com","reason":"wrong password","ip":"::1"}
[2026-05-14 03:55:48] [User: guest] [IP: ::1] SECURITY: Login failed | {"email":"admin@dyzen.com","reason":"wrong password","ip":"::1"}
